#
# A fatal error has been detected by the Java Runtime Environment:
#
#  SIGSEGV (0xb) at pc=0x00007f0c3543e00c, pid=244708, tid=244722
#
# JRE version: OpenJDK Runtime Environment (11.0.11+9) (build 11.0.11+9-Ubuntu-0ubuntu2.20.04)
# Java VM: OpenJDK 64-Bit Server VM (11.0.11+9-Ubuntu-0ubuntu2.20.04, mixed mode, sharing, tiered, compressed oops, g1 gc, linux-amd64)
# Problematic frame:
# V  [libjvm.so+0x55600c]
#
# Core dump will be written. Default location: Core dumps may be processed with "/usr/share/apport/apport %p %s %c %d %P %E" (or dumping to /home/joao.weege/Documentos/workspace/concilia-lancamento/core.244708)
#
# If you would like to submit a bug report, please visit:
#   https://bugs.launchpad.net/ubuntu/+source/openjdk-lts
#

---------------  S U M M A R Y ------------

Command Line: -agentlib:jdwp=transport=dt_socket,address=127.0.0.1:56789,suspend=y,server=n -ea -Dspring.profiles.active=test -Didea.test.cyclic.buffer.size=1048576 -javaagent:/snap/intellij-idea-community/315/plugins/java/lib/rt/debugger-agent.jar -Dfile.encoding=UTF-8 com.intellij.rt.junit.JUnitStarter -ideVersion5 -junit5 br.com.veloe.mecanicafinanceira.concilialancamento.core.service.impl.ConciliaLancamentoServiceImplTest,quandoLancamentoComDadosDivergentes_deveLancarLancamentoDadosDivergentesExceptionOrigemMecanicaFinanceira

Host: Intel(R) Core(TM) i7-10510U CPU @ 1.80GHz, 8 cores, 15G, Ubuntu 20.04.2 LTS
Time: Wed Aug  4 14:21:18 2021 -03 elapsed time: 1.046799 seconds (0d 0h 0m 1s)

---------------  T H R E A D  ---------------

Current thread (0x00007f0c30244800):  JavaThread "C2 CompilerThread0" daemon [_thread_in_native, id=244722, stack(0x00007f0c08094000,0x00007f0c08195000)]


Current CompileTask:
C2:   1046 1308       4       jdk.internal.loader.URLClassPath::getResource (74 bytes)

Stack: [0x00007f0c08094000,0x00007f0c08195000],  sp=0x00007f0c081905b0,  free space=1009k
Native frames: (J=compiled Java code, A=aot compiled Java code, j=interpreted, Vv=VM code, C=native code)
V  [libjvm.so+0x55600c]
V  [libjvm.so+0x55ab0d]
V  [libjvm.so+0x60ca75]
V  [libjvm.so+0x610770]
V  [libjvm.so+0x53793f]
V  [libjvm.so+0x6190e1]
V  [libjvm.so+0x61a2b8]
V  [libjvm.so+0xe2105f]
V  [libjvm.so+0xe1d690]
V  [libjvm.so+0xbdac76]


siginfo: si_signo: 11 (SIGSEGV), si_code: 1 (SEGV_MAPERR), si_addr: 0x00007f0cb0838100

Register to memory mapping:

RAX=0x00007f0bd833c800 points into unknown readable memory: 0x0000000000000000 | 00 00 00 00 00 00 00 00
RBX=0x0000000000000001 is an unknown value
RCX=0x0000000000000001 is an unknown value
RDX=0x000000003613ee40 is an unknown value
RSP=0x00007f0c081905b0 is pointing into the stack for thread: 0x00007f0c30244800
RBP=0x00007f0c08190620 is pointing into the stack for thread: 0x00007f0c30244800
RSI=0x0000000005555455 is an unknown value
RDI=0x00007f0bd863d358 points into unknown readable memory: 0x0000000005555455 | 55 54 55 05 00 00 00 00
R8 =0x00007f0bd863d358 points into unknown readable memory: 0x0000000005555455 | 55 54 55 05 00 00 00 00
R9 =0x00007f0c3613ee98: <offset 0x0000000001256e98> in /usr/lib/jvm/java-11-openjdk-amd64/lib/server/libjvm.so at 0x00007f0c34ee8000
R10=0x00007f0bd860e000 points into unknown readable memory: 0xffffffffffffffff | ff ff ff ff ff ff ff ff
R11=0x0000000000000206 is an unknown value
R12=0x00007f0bdc47e860 points into unknown readable memory: 0x0000000400000001 | 01 00 00 00 04 00 00 00
R13=0x00007f0bd863d320 points into unknown readable memory: 0x0000000000000000 | 00 00 00 00 00 00 00 00
R14=0x00007f0c3613e480: <offset 0x0000000001256480> in /usr/lib/jvm/java-11-openjdk-amd64/lib/server/libjvm.so at 0x00007f0c34ee8000
R15=0x00007f0c08190a00 is pointing into the stack for thread: 0x00007f0c30244800


Registers:
RAX=0x00007f0bd833c800, RBX=0x0000000000000001, RCX=0x0000000000000001, RDX=0x000000003613ee40
RSP=0x00007f0c081905b0, RBP=0x00007f0c08190620, RSI=0x0000000005555455, RDI=0x00007f0bd863d358
R8 =0x00007f0bd863d358, R9 =0x00007f0c3613ee98, R10=0x00007f0bd860e000, R11=0x0000000000000206
R12=0x00007f0bdc47e860, R13=0x00007f0bd863d320, R14=0x00007f0c3613e480, R15=0x00007f0c08190a00
RIP=0x00007f0c3543e00c, EFLAGS=0x0000000000010293, CSGSFS=0x002b000000000033, ERR=0x0000000000000004
  TRAPNO=0x000000000000000e

Top of Stack: (sp=0x00007f0c081905b0)
0x00007f0c081905b0:   00007f0c081906e0 00000061000c4540
0x00007f0c081905c0:   ffffffff0000000b 00000003010013a3
0x00007f0c081905d0:   00007f0bd863d300 00007f0b00000002
0x00007f0c081905e0:   00007f0bdc31d188 0000000000000010 

Instructions: (pc=0x00007f0c3543e00c)
0x00007f0c3543df0c:   1f 44 00 00 89 f3 eb e3 66 66 2e 0f 1f 84 00 00
0x00007f0c3543df1c:   00 00 00 90 f3 0f 1e fa 55 48 89 e5 41 57 49 89
0x00007f0c3543df2c:   ff 41 56 41 55 41 54 53 48 83 ec 48 48 8b 47 48
0x00007f0c3543df3c:   48 8b 57 70 40 88 75 ab f2 0f 10 05 84 c5 9c 00
0x00007f0c3543df4c:   c7 45 9c 00 00 00 00 48 8b 40 10 48 8b 40 08 48
0x00007f0c3543df5c:   8b 40 08 48 8b 40 08 48 8b 40 18 48 63 48 28 48
0x00007f0c3543df6c:   8b 87 28 01 00 00 8b 04 88 48 8d 04 80 48 c1 e0
0x00007f0c3543df7c:   05 48 03 42 20 f2 0f 58 00 f2 0f 11 00 48 8b 57
0x00007f0c3543df8c:   48 8b 4a 40 85 c9 0f 84 d6 05 00 00 0f 1f 84 00
0x00007f0c3543df9c:   00 00 00 00 8b 45 9c 48 8b 72 30 48 8b 04 c6 83
0x00007f0c3543dfac:   78 28 01 48 89 45 c0 0f 86 a6 05 00 00 c7 45 a0
0x00007f0c3543dfbc:   01 00 00 00 48 8b 5d c0 8b 45 a0 45 31 e4 3b 43
0x00007f0c3543dfcc:   18 73 08 48 8b 53 20 4c 8b 24 c2 41 8b 44 24 2c
0x00007f0c3543dfdc:   c6 45 aa 00 bb 01 00 00 00 83 e0 03 83 f8 02 75
0x00007f0c3543dfec:   13 49 8b 04 24 4c 89 e7 ff 90 c0 00 00 00 c6 45
0x00007f0c3543dffc:   aa 01 89 c3 49 63 54 24 28 49 8b 87 28 01 00 00
0x00007f0c3543e00c:   8b 04 90 85 c0 0f 84 69 02 00 00 49 8b 57 70 4c
0x00007f0c3543e01c:   8d 34 80 49 c1 e6 05 4c 03 72 20 41 f6 44 24 30
0x00007f0c3543e02c:   01 74 36 41 80 8e 99 00 00 00 10 49 8b 44 24 08
0x00007f0c3543e03c:   49 8b 57 70 48 8b 40 08 48 63 48 28 49 8b 87 28
0x00007f0c3543e04c:   01 00 00 8b 04 88 48 8d 04 80 48 c1 e0 05 48 03
0x00007f0c3543e05c:   42 20 80 88 99 00 00 00 10 49 8b 04 24 4c 89 e7
0x00007f0c3543e06c:   ff 50 28 48 89 45 b8 8b 40 10 8d 50 e5 83 fa 01
0x00007f0c3543e07c:   0f 86 0e 08 00 00 83 e8 1e 83 f8 01 0f 86 02 08
0x00007f0c3543e08c:   00 00 41 8b 4c 24 28 89 c8 c1 e8 05 41 39 87 90
0x00007f0c3543e09c:   00 00 00 76 5f ba 01 00 00 00 49 8b b7 98 00 00
0x00007f0c3543e0ac:   00 83 e1 1f 48 89 d7 48 d3 e7 85 3c 86 74 45 41
0x00007f0c3543e0bc:   0f b6 b6 98 00 00 00 89 f0 83 c8 08 41 88 86 98
0x00007f0c3543e0cc:   00 00 00 41 8b 4c 24 28 89 c8 c1 e8 05 41 39 87
0x00007f0c3543e0dc:   b0 00 00 00 76 1e 49 8b bf b8 00 00 00 83 e1 1f
0x00007f0c3543e0ec:   48 d3 e2 85 14 87 74 0c 83 ce 18 41 88 b6 98 00
0x00007f0c3543e0fc:   00 00 66 90 49 83 7e 18 00 48 c7 c0 ff ff ff ff 


Stack slot to memory mapping:
stack at sp + 0 slots: 0x00007f0c081906e0 is pointing into the stack for thread: 0x00007f0c30244800
stack at sp + 1 slots: 0x00000061000c4540 is an unknown value
stack at sp + 2 slots: 0xffffffff0000000b is an unknown value
stack at sp + 3 slots: 0x00000003010013a3 is an unknown value
stack at sp + 4 slots: 0x00007f0bd863d300 points into unknown readable memory: 0x0000000000000000 | 00 00 00 00 00 00 00 00
stack at sp + 5 slots: 0x00007f0b00000002 is an unknown value
stack at sp + 6 slots: 0x00007f0bdc31d188 points into unknown readable memory: 0x00007f0c360405b0 | b0 05 04 36 0c 7f 00 00
stack at sp + 7 slots: 0x0000000000000010 is an unknown value


---------------  P R O C E S S  ---------------

Threads class SMR info:
_java_thread_list=0x00007f0bd80c9c70, length=13, elements={
0x00007f0c3001c000, 0x00007f0c30239000, 0x00007f0c3023b000, 0x00007f0c30240800,
0x00007f0c30242800, 0x00007f0c30244800, 0x00007f0c30246800, 0x00007f0c30248800,
0x00007f0c3025e800, 0x00007f0c302cb000, 0x00007f0c302cf800, 0x00007f0bc8001800,
0x00007f0bd80c8800
}

Java Threads: ( => current thread )
  0x00007f0c3001c000 JavaThread "main" [_thread_in_vm, id=244710, stack(0x00007f0c34a9b000,0x00007f0c34b9c000)]
  0x00007f0c30239000 JavaThread "Reference Handler" daemon [_thread_blocked, id=244718, stack(0x00007f0c08498000,0x00007f0c08599000)]
  0x00007f0c3023b000 JavaThread "Finalizer" daemon [_thread_blocked, id=244719, stack(0x00007f0c08397000,0x00007f0c08498000)]
  0x00007f0c30240800 JavaThread "Signal Dispatcher" daemon [_thread_blocked, id=244720, stack(0x00007f0c08296000,0x00007f0c08397000)]
  0x00007f0c30242800 JavaThread "Service Thread" daemon [_thread_blocked, id=244721, stack(0x00007f0c08195000,0x00007f0c08296000)]
=>0x00007f0c30244800 JavaThread "C2 CompilerThread0" daemon [_thread_in_native, id=244722, stack(0x00007f0c08094000,0x00007f0c08195000)]
  0x00007f0c30246800 JavaThread "C1 CompilerThread0" daemon [_thread_blocked, id=244723, stack(0x00007f0bfb18d000,0x00007f0bfb28e000)]
  0x00007f0c30248800 JavaThread "Sweeper thread" daemon [_thread_blocked, id=244724, stack(0x00007f0bfb08c000,0x00007f0bfb18d000)]
  0x00007f0c3025e800 JavaThread "Common-Cleaner" daemon [_thread_blocked, id=244726, stack(0x00007f0bfaf8b000,0x00007f0bfb08c000)]
  0x00007f0c302cb000 JavaThread "JDWP Transport Listener: dt_socket" daemon [_thread_blocked, id=244727, stack(0x00007f0bfae8a000,0x00007f0bfaf8b000)]
  0x00007f0c302cf800 JavaThread "JDWP Event Helper Thread" daemon [_thread_blocked, id=244728, stack(0x00007f0bfad89000,0x00007f0bfae8a000)]
  0x00007f0bc8001800 JavaThread "JDWP Command Reader" daemon [_thread_in_native, id=244730, stack(0x00007f0bfac88000,0x00007f0bfad89000)]
  0x00007f0bd80c8800 JavaThread "C2 CompilerThread1" daemon [_thread_in_native, id=244732, stack(0x00007f0bfab87000,0x00007f0bfac88000)]

Other Threads:
  0x00007f0c30236000 VMThread "VM Thread" [stack: 0x00007f0c0859b000,0x00007f0c0869b000] [id=244717]
  0x00007f0c308bc800 WatcherThread [stack: 0x00007f0bfaa87000,0x00007f0bfab87000] [id=244733]
  0x00007f0c30034000 GCTaskThread "GC Thread#0" [stack: 0x00007f0c34704000,0x00007f0c34804000] [id=244712]
  0x00007f0bf0001000 GCTaskThread "GC Thread#1" [stack: 0x00007f0bfa985000,0x00007f0bfaa85000] [id=244734]
  0x00007f0bf0002800 GCTaskThread "GC Thread#2" [stack: 0x00007f0bfa883000,0x00007f0bfa983000] [id=244735]
  0x00007f0bf0004000 GCTaskThread "GC Thread#3" [stack: 0x00007f0bfa781000,0x00007f0bfa881000] [id=244736]
  0x00007f0bf0005800 GCTaskThread "GC Thread#4" [stack: 0x00007f0bfa67f000,0x00007f0bfa77f000] [id=244737]
  0x00007f0bf0007800 GCTaskThread "GC Thread#5" [stack: 0x00007f0bfa57d000,0x00007f0bfa67d000] [id=244738]
  0x00007f0c30091800 ConcurrentGCThread "G1 Main Marker" [stack: 0x00007f0c18477000,0x00007f0c18577000] [id=244713]
  0x00007f0c30093000 ConcurrentGCThread "G1 Conc#0" [stack: 0x00007f0c18375000,0x00007f0c18475000] [id=244714]
  0x00007f0c30191800 ConcurrentGCThread "G1 Refine#0" [stack: 0x00007f0c0879f000,0x00007f0c0889f000] [id=244715]
  0x00007f0c30193000 ConcurrentGCThread "G1 Young RemSet Sampling" [stack: 0x00007f0c0869d000,0x00007f0c0879d000] [id=244716]

Threads with active compile tasks:
C2 CompilerThread0   1049 1308       4       jdk.internal.loader.URLClassPath::getResource (74 bytes)
C2 CompilerThread1   1049 1323   !   4       java.net.URL::<init> (543 bytes)

VM state:not at safepoint (normal execution)

VM Mutex/Monitor currently owned by a thread: None

Heap address: 0x0000000709800000, size: 3944 MB, Compressed Oops mode: Zero based, Oop shift amount: 3
Narrow klass base: 0x0000000800000000, Narrow klass shift: 3
Compressed class space size: 1073741824 Address: 0x0000000840000000

Heap:
 garbage-first heap   total 256000K, used 62980K [0x0000000709800000, 0x0000000800000000)
  region size 1024K, 57 young (58368K), 3 survivors (3072K)
 Metaspace       used 9002K, capacity 11299K, committed 11520K, reserved 1058816K
  class space    used 1409K, capacity 1726K, committed 1792K, reserved 1048576K
Heap Regions: E=young(eden), S=young(survivor), O=old, HS=humongous(starts), HC=humongous(continues), CS=collection set, F=free, A=archive, TAMS=top-at-mark-start (previous, next)
|   0|0x0000000709800000, 0x0000000709800000, 0x0000000709900000|  0%| F|  |TAMS 0x0000000709800000, 0x0000000709800000| Untracked 
|   1|0x0000000709900000, 0x0000000709a00000, 0x0000000709a00000|100%| O|  |TAMS 0x0000000709900000, 0x0000000709900000| Untracked 
|   2|0x0000000709a00000, 0x0000000709b00000, 0x0000000709b00000|100%| O|  |TAMS 0x0000000709a00000, 0x0000000709a00000| Untracked 
|   3|0x0000000709b00000, 0x0000000709c00000, 0x0000000709c00000|100%| O|  |TAMS 0x0000000709b00000, 0x0000000709b00000| Untracked 
|   4|0x0000000709c00000, 0x0000000709d00000, 0x0000000709d00000|100%| O|  |TAMS 0x0000000709c00000, 0x0000000709c00000| Untracked 
|   5|0x0000000709d00000, 0x0000000709dcf200, 0x0000000709e00000| 80%| O|  |TAMS 0x0000000709d00000, 0x0000000709d00000| Untracked 
|   6|0x0000000709e00000, 0x0000000709e00000, 0x0000000709f00000|  0%| F|  |TAMS 0x0000000709e00000, 0x0000000709e00000| Untracked 
|   7|0x0000000709f00000, 0x0000000709f00000, 0x000000070a000000|  0%| F|  |TAMS 0x0000000709f00000, 0x0000000709f00000| Untracked 
|   8|0x000000070a000000, 0x000000070a000000, 0x000000070a100000|  0%| F|  |TAMS 0x000000070a000000, 0x000000070a000000| Untracked 
|   9|0x000000070a100000, 0x000000070a100000, 0x000000070a200000|  0%| F|  |TAMS 0x000000070a100000, 0x000000070a100000| Untracked 
|  10|0x000000070a200000, 0x000000070a200000, 0x000000070a300000|  0%| F|  |TAMS 0x000000070a200000, 0x000000070a200000| Untracked 
|  11|0x000000070a300000, 0x000000070a300000, 0x000000070a400000|  0%| F|  |TAMS 0x000000070a300000, 0x000000070a300000| Untracked 
|  12|0x000000070a400000, 0x000000070a400000, 0x000000070a500000|  0%| F|  |TAMS 0x000000070a400000, 0x000000070a400000| Untracked 
|  13|0x000000070a500000, 0x000000070a500000, 0x000000070a600000|  0%| F|  |TAMS 0x000000070a500000, 0x000000070a500000| Untracked 
|  14|0x000000070a600000, 0x000000070a600000, 0x000000070a700000|  0%| F|  |TAMS 0x000000070a600000, 0x000000070a600000| Untracked 
|  15|0x000000070a700000, 0x000000070a700000, 0x000000070a800000|  0%| F|  |TAMS 0x000000070a700000, 0x000000070a700000| Untracked 
|  16|0x000000070a800000, 0x000000070a800000, 0x000000070a900000|  0%| F|  |TAMS 0x000000070a800000, 0x000000070a800000| Untracked 
|  17|0x000000070a900000, 0x000000070a900000, 0x000000070aa00000|  0%| F|  |TAMS 0x000000070a900000, 0x000000070a900000| Untracked 
|  18|0x000000070aa00000, 0x000000070aa00000, 0x000000070ab00000|  0%| F|  |TAMS 0x000000070aa00000, 0x000000070aa00000| Untracked 
|  19|0x000000070ab00000, 0x000000070ab00000, 0x000000070ac00000|  0%| F|  |TAMS 0x000000070ab00000, 0x000000070ab00000| Untracked 
|  20|0x000000070ac00000, 0x000000070ac00000, 0x000000070ad00000|  0%| F|  |TAMS 0x000000070ac00000, 0x000000070ac00000| Untracked 
|  21|0x000000070ad00000, 0x000000070ad00000, 0x000000070ae00000|  0%| F|  |TAMS 0x000000070ad00000, 0x000000070ad00000| Untracked 
|  22|0x000000070ae00000, 0x000000070ae00000, 0x000000070af00000|  0%| F|  |TAMS 0x000000070ae00000, 0x000000070ae00000| Untracked 
|  23|0x000000070af00000, 0x000000070af00000, 0x000000070b000000|  0%| F|  |TAMS 0x000000070af00000, 0x000000070af00000| Untracked 
|  24|0x000000070b000000, 0x000000070b000000, 0x000000070b100000|  0%| F|  |TAMS 0x000000070b000000, 0x000000070b000000| Untracked 
|  25|0x000000070b100000, 0x000000070b100000, 0x000000070b200000|  0%| F|  |TAMS 0x000000070b100000, 0x000000070b100000| Untracked 
|  26|0x000000070b200000, 0x000000070b200000, 0x000000070b300000|  0%| F|  |TAMS 0x000000070b200000, 0x000000070b200000| Untracked 
|  27|0x000000070b300000, 0x000000070b300000, 0x000000070b400000|  0%| F|  |TAMS 0x000000070b300000, 0x000000070b300000| Untracked 
|  28|0x000000070b400000, 0x000000070b400000, 0x000000070b500000|  0%| F|  |TAMS 0x000000070b400000, 0x000000070b400000| Untracked 
|  29|0x000000070b500000, 0x000000070b500000, 0x000000070b600000|  0%| F|  |TAMS 0x000000070b500000, 0x000000070b500000| Untracked 
|  30|0x000000070b600000, 0x000000070b600000, 0x000000070b700000|  0%| F|  |TAMS 0x000000070b600000, 0x000000070b600000| Untracked 
|  31|0x000000070b700000, 0x000000070b700000, 0x000000070b800000|  0%| F|  |TAMS 0x000000070b700000, 0x000000070b700000| Untracked 
|  32|0x000000070b800000, 0x000000070b800000, 0x000000070b900000|  0%| F|  |TAMS 0x000000070b800000, 0x000000070b800000| Untracked 
|  33|0x000000070b900000, 0x000000070b900000, 0x000000070ba00000|  0%| F|  |TAMS 0x000000070b900000, 0x000000070b900000| Untracked 
|  34|0x000000070ba00000, 0x000000070ba00000, 0x000000070bb00000|  0%| F|  |TAMS 0x000000070ba00000, 0x000000070ba00000| Untracked 
|  35|0x000000070bb00000, 0x000000070bb00000, 0x000000070bc00000|  0%| F|  |TAMS 0x000000070bb00000, 0x000000070bb00000| Untracked 
|  36|0x000000070bc00000, 0x000000070bc00000, 0x000000070bd00000|  0%| F|  |TAMS 0x000000070bc00000, 0x000000070bc00000| Untracked 
|  37|0x000000070bd00000, 0x000000070bd00000, 0x000000070be00000|  0%| F|  |TAMS 0x000000070bd00000, 0x000000070bd00000| Untracked 
|  38|0x000000070be00000, 0x000000070be00000, 0x000000070bf00000|  0%| F|  |TAMS 0x000000070be00000, 0x000000070be00000| Untracked 
|  39|0x000000070bf00000, 0x000000070bf00000, 0x000000070c000000|  0%| F|  |TAMS 0x000000070bf00000, 0x000000070bf00000| Untracked 
|  40|0x000000070c000000, 0x000000070c000000, 0x000000070c100000|  0%| F|  |TAMS 0x000000070c000000, 0x000000070c000000| Untracked 
|  41|0x000000070c100000, 0x000000070c100000, 0x000000070c200000|  0%| F|  |TAMS 0x000000070c100000, 0x000000070c100000| Untracked 
|  42|0x000000070c200000, 0x000000070c200000, 0x000000070c300000|  0%| F|  |TAMS 0x000000070c200000, 0x000000070c200000| Untracked 
|  43|0x000000070c300000, 0x000000070c300000, 0x000000070c400000|  0%| F|  |TAMS 0x000000070c300000, 0x000000070c300000| Untracked 
|  44|0x000000070c400000, 0x000000070c400000, 0x000000070c500000|  0%| F|  |TAMS 0x000000070c400000, 0x000000070c400000| Untracked 
|  45|0x000000070c500000, 0x000000070c500000, 0x000000070c600000|  0%| F|  |TAMS 0x000000070c500000, 0x000000070c500000| Untracked 
|  46|0x000000070c600000, 0x000000070c600000, 0x000000070c700000|  0%| F|  |TAMS 0x000000070c600000, 0x000000070c600000| Untracked 
|  47|0x000000070c700000, 0x000000070c700000, 0x000000070c800000|  0%| F|  |TAMS 0x000000070c700000, 0x000000070c700000| Untracked 
|  48|0x000000070c800000, 0x000000070c800000, 0x000000070c900000|  0%| F|  |TAMS 0x000000070c800000, 0x000000070c800000| Untracked 
|  49|0x000000070c900000, 0x000000070c900000, 0x000000070ca00000|  0%| F|  |TAMS 0x000000070c900000, 0x000000070c900000| Untracked 
|  50|0x000000070ca00000, 0x000000070ca00000, 0x000000070cb00000|  0%| F|  |TAMS 0x000000070ca00000, 0x000000070ca00000| Untracked 
|  51|0x000000070cb00000, 0x000000070cb00000, 0x000000070cc00000|  0%| F|  |TAMS 0x000000070cb00000, 0x000000070cb00000| Untracked 
|  52|0x000000070cc00000, 0x000000070cc00000, 0x000000070cd00000|  0%| F|  |TAMS 0x000000070cc00000, 0x000000070cc00000| Untracked 
|  53|0x000000070cd00000, 0x000000070cd00000, 0x000000070ce00000|  0%| F|  |TAMS 0x000000070cd00000, 0x000000070cd00000| Untracked 
|  54|0x000000070ce00000, 0x000000070ce00000, 0x000000070cf00000|  0%| F|  |TAMS 0x000000070ce00000, 0x000000070ce00000| Untracked 
|  55|0x000000070cf00000, 0x000000070cf00000, 0x000000070d000000|  0%| F|  |TAMS 0x000000070cf00000, 0x000000070cf00000| Untracked 
|  56|0x000000070d000000, 0x000000070d000000, 0x000000070d100000|  0%| F|  |TAMS 0x000000070d000000, 0x000000070d000000| Untracked 
|  57|0x000000070d100000, 0x000000070d100000, 0x000000070d200000|  0%| F|  |TAMS 0x000000070d100000, 0x000000070d100000| Untracked 
|  58|0x000000070d200000, 0x000000070d200000, 0x000000070d300000|  0%| F|  |TAMS 0x000000070d200000, 0x000000070d200000| Untracked 
|  59|0x000000070d300000, 0x000000070d300000, 0x000000070d400000|  0%| F|  |TAMS 0x000000070d300000, 0x000000070d300000| Untracked 
|  60|0x000000070d400000, 0x000000070d400000, 0x000000070d500000|  0%| F|  |TAMS 0x000000070d400000, 0x000000070d400000| Untracked 
|  61|0x000000070d500000, 0x000000070d500000, 0x000000070d600000|  0%| F|  |TAMS 0x000000070d500000, 0x000000070d500000| Untracked 
|  62|0x000000070d600000, 0x000000070d600000, 0x000000070d700000|  0%| F|  |TAMS 0x000000070d600000, 0x000000070d600000| Untracked 
|  63|0x000000070d700000, 0x000000070d700000, 0x000000070d800000|  0%| F|  |TAMS 0x000000070d700000, 0x000000070d700000| Untracked 
|  64|0x000000070d800000, 0x000000070d800000, 0x000000070d900000|  0%| F|  |TAMS 0x000000070d800000, 0x000000070d800000| Untracked 
|  65|0x000000070d900000, 0x000000070d900000, 0x000000070da00000|  0%| F|  |TAMS 0x000000070d900000, 0x000000070d900000| Untracked 
|  66|0x000000070da00000, 0x000000070da00000, 0x000000070db00000|  0%| F|  |TAMS 0x000000070da00000, 0x000000070da00000| Untracked 
|  67|0x000000070db00000, 0x000000070db00000, 0x000000070dc00000|  0%| F|  |TAMS 0x000000070db00000, 0x000000070db00000| Untracked 
|  68|0x000000070dc00000, 0x000000070dc00000, 0x000000070dd00000|  0%| F|  |TAMS 0x000000070dc00000, 0x000000070dc00000| Untracked 
|  69|0x000000070dd00000, 0x000000070dd00000, 0x000000070de00000|  0%| F|  |TAMS 0x000000070dd00000, 0x000000070dd00000| Untracked 
|  70|0x000000070de00000, 0x000000070de00000, 0x000000070df00000|  0%| F|  |TAMS 0x000000070de00000, 0x000000070de00000| Untracked 
|  71|0x000000070df00000, 0x000000070df00000, 0x000000070e000000|  0%| F|  |TAMS 0x000000070df00000, 0x000000070df00000| Untracked 
|  72|0x000000070e000000, 0x000000070e000000, 0x000000070e100000|  0%| F|  |TAMS 0x000000070e000000, 0x000000070e000000| Untracked 
|  73|0x000000070e100000, 0x000000070e100000, 0x000000070e200000|  0%| F|  |TAMS 0x000000070e100000, 0x000000070e100000| Untracked 
|  74|0x000000070e200000, 0x000000070e200000, 0x000000070e300000|  0%| F|  |TAMS 0x000000070e200000, 0x000000070e200000| Untracked 
|  75|0x000000070e300000, 0x000000070e300000, 0x000000070e400000|  0%| F|  |TAMS 0x000000070e300000, 0x000000070e300000| Untracked 
|  76|0x000000070e400000, 0x000000070e400000, 0x000000070e500000|  0%| F|  |TAMS 0x000000070e400000, 0x000000070e400000| Untracked 
|  77|0x000000070e500000, 0x000000070e500000, 0x000000070e600000|  0%| F|  |TAMS 0x000000070e500000, 0x000000070e500000| Untracked 
|  78|0x000000070e600000, 0x000000070e600000, 0x000000070e700000|  0%| F|  |TAMS 0x000000070e600000, 0x000000070e600000| Untracked 
|  79|0x000000070e700000, 0x000000070e700000, 0x000000070e800000|  0%| F|  |TAMS 0x000000070e700000, 0x000000070e700000| Untracked 
|  80|0x000000070e800000, 0x000000070e800000, 0x000000070e900000|  0%| F|  |TAMS 0x000000070e800000, 0x000000070e800000| Untracked 
|  81|0x000000070e900000, 0x000000070e900000, 0x000000070ea00000|  0%| F|  |TAMS 0x000000070e900000, 0x000000070e900000| Untracked 
|  82|0x000000070ea00000, 0x000000070ea00000, 0x000000070eb00000|  0%| F|  |TAMS 0x000000070ea00000, 0x000000070ea00000| Untracked 
|  83|0x000000070eb00000, 0x000000070eb00000, 0x000000070ec00000|  0%| F|  |TAMS 0x000000070eb00000, 0x000000070eb00000| Untracked 
|  84|0x000000070ec00000, 0x000000070ec00000, 0x000000070ed00000|  0%| F|  |TAMS 0x000000070ec00000, 0x000000070ec00000| Untracked 
|  85|0x000000070ed00000, 0x000000070ed00000, 0x000000070ee00000|  0%| F|  |TAMS 0x000000070ed00000, 0x000000070ed00000| Untracked 
|  86|0x000000070ee00000, 0x000000070ee00000, 0x000000070ef00000|  0%| F|  |TAMS 0x000000070ee00000, 0x000000070ee00000| Untracked 
|  87|0x000000070ef00000, 0x000000070ef00000, 0x000000070f000000|  0%| F|  |TAMS 0x000000070ef00000, 0x000000070ef00000| Untracked 
|  88|0x000000070f000000, 0x000000070f000000, 0x000000070f100000|  0%| F|  |TAMS 0x000000070f000000, 0x000000070f000000| Untracked 
|  89|0x000000070f100000, 0x000000070f100000, 0x000000070f200000|  0%| F|  |TAMS 0x000000070f100000, 0x000000070f100000| Untracked 
|  90|0x000000070f200000, 0x000000070f200000, 0x000000070f300000|  0%| F|  |TAMS 0x000000070f200000, 0x000000070f200000| Untracked 
|  91|0x000000070f300000, 0x000000070f300000, 0x000000070f400000|  0%| F|  |TAMS 0x000000070f300000, 0x000000070f300000| Untracked 
|  92|0x000000070f400000, 0x000000070f400000, 0x000000070f500000|  0%| F|  |TAMS 0x000000070f400000, 0x000000070f400000| Untracked 
|  93|0x000000070f500000, 0x000000070f500000, 0x000000070f600000|  0%| F|  |TAMS 0x000000070f500000, 0x000000070f500000| Untracked 
|  94|0x000000070f600000, 0x000000070f600000, 0x000000070f700000|  0%| F|  |TAMS 0x000000070f600000, 0x000000070f600000| Untracked 
|  95|0x000000070f700000, 0x000000070f700000, 0x000000070f800000|  0%| F|  |TAMS 0x000000070f700000, 0x000000070f700000| Untracked 
|  96|0x000000070f800000, 0x000000070f800000, 0x000000070f900000|  0%| F|  |TAMS 0x000000070f800000, 0x000000070f800000| Untracked 
|  97|0x000000070f900000, 0x000000070f900000, 0x000000070fa00000|  0%| F|  |TAMS 0x000000070f900000, 0x000000070f900000| Untracked 
|  98|0x000000070fa00000, 0x000000070fa00000, 0x000000070fb00000|  0%| F|  |TAMS 0x000000070fa00000, 0x000000070fa00000| Untracked 
|  99|0x000000070fb00000, 0x000000070fb00000, 0x000000070fc00000|  0%| F|  |TAMS 0x000000070fb00000, 0x000000070fb00000| Untracked 
| 100|0x000000070fc00000, 0x000000070fc00000, 0x000000070fd00000|  0%| F|  |TAMS 0x000000070fc00000, 0x000000070fc00000| Untracked 
| 101|0x000000070fd00000, 0x000000070fd00000, 0x000000070fe00000|  0%| F|  |TAMS 0x000000070fd00000, 0x000000070fd00000| Untracked 
| 102|0x000000070fe00000, 0x000000070fe00000, 0x000000070ff00000|  0%| F|  |TAMS 0x000000070fe00000, 0x000000070fe00000| Untracked 
| 103|0x000000070ff00000, 0x000000070ff00000, 0x0000000710000000|  0%| F|  |TAMS 0x000000070ff00000, 0x000000070ff00000| Untracked 
| 104|0x0000000710000000, 0x0000000710000000, 0x0000000710100000|  0%| F|  |TAMS 0x0000000710000000, 0x0000000710000000| Untracked 
| 105|0x0000000710100000, 0x0000000710100000, 0x0000000710200000|  0%| F|  |TAMS 0x0000000710100000, 0x0000000710100000| Untracked 
| 106|0x0000000710200000, 0x0000000710200000, 0x0000000710300000|  0%| F|  |TAMS 0x0000000710200000, 0x0000000710200000| Untracked 
| 107|0x0000000710300000, 0x0000000710300000, 0x0000000710400000|  0%| F|  |TAMS 0x0000000710300000, 0x0000000710300000| Untracked 
| 108|0x0000000710400000, 0x0000000710400000, 0x0000000710500000|  0%| F|  |TAMS 0x0000000710400000, 0x0000000710400000| Untracked 
| 109|0x0000000710500000, 0x0000000710500000, 0x0000000710600000|  0%| F|  |TAMS 0x0000000710500000, 0x0000000710500000| Untracked 
| 110|0x0000000710600000, 0x0000000710600000, 0x0000000710700000|  0%| F|  |TAMS 0x0000000710600000, 0x0000000710600000| Untracked 
| 111|0x0000000710700000, 0x0000000710700000, 0x0000000710800000|  0%| F|  |TAMS 0x0000000710700000, 0x0000000710700000| Untracked 
| 112|0x0000000710800000, 0x0000000710800000, 0x0000000710900000|  0%| F|  |TAMS 0x0000000710800000, 0x0000000710800000| Untracked 
| 113|0x0000000710900000, 0x0000000710900000, 0x0000000710a00000|  0%| F|  |TAMS 0x0000000710900000, 0x0000000710900000| Untracked 
| 114|0x0000000710a00000, 0x0000000710a00000, 0x0000000710b00000|  0%| F|  |TAMS 0x0000000710a00000, 0x0000000710a00000| Untracked 
| 115|0x0000000710b00000, 0x0000000710b00000, 0x0000000710c00000|  0%| F|  |TAMS 0x0000000710b00000, 0x0000000710b00000| Untracked 
| 116|0x0000000710c00000, 0x0000000710c00000, 0x0000000710d00000|  0%| F|  |TAMS 0x0000000710c00000, 0x0000000710c00000| Untracked 
| 117|0x0000000710d00000, 0x0000000710d00000, 0x0000000710e00000|  0%| F|  |TAMS 0x0000000710d00000, 0x0000000710d00000| Untracked 
| 118|0x0000000710e00000, 0x0000000710e00000, 0x0000000710f00000|  0%| F|  |TAMS 0x0000000710e00000, 0x0000000710e00000| Untracked 
| 119|0x0000000710f00000, 0x0000000710f00000, 0x0000000711000000|  0%| F|  |TAMS 0x0000000710f00000, 0x0000000710f00000| Untracked 
| 120|0x0000000711000000, 0x0000000711000000, 0x0000000711100000|  0%| F|  |TAMS 0x0000000711000000, 0x0000000711000000| Untracked 
| 121|0x0000000711100000, 0x0000000711100000, 0x0000000711200000|  0%| F|  |TAMS 0x0000000711100000, 0x0000000711100000| Untracked 
| 122|0x0000000711200000, 0x0000000711200000, 0x0000000711300000|  0%| F|  |TAMS 0x0000000711200000, 0x0000000711200000| Untracked 
| 123|0x0000000711300000, 0x0000000711300000, 0x0000000711400000|  0%| F|  |TAMS 0x0000000711300000, 0x0000000711300000| Untracked 
| 124|0x0000000711400000, 0x0000000711400000, 0x0000000711500000|  0%| F|  |TAMS 0x0000000711400000, 0x0000000711400000| Untracked 
| 125|0x0000000711500000, 0x0000000711500000, 0x0000000711600000|  0%| F|  |TAMS 0x0000000711500000, 0x0000000711500000| Untracked 
| 126|0x0000000711600000, 0x0000000711600000, 0x0000000711700000|  0%| F|  |TAMS 0x0000000711600000, 0x0000000711600000| Untracked 
| 127|0x0000000711700000, 0x0000000711700000, 0x0000000711800000|  0%| F|  |TAMS 0x0000000711700000, 0x0000000711700000| Untracked 
| 128|0x0000000711800000, 0x0000000711800000, 0x0000000711900000|  0%| F|  |TAMS 0x0000000711800000, 0x0000000711800000| Untracked 
| 129|0x0000000711900000, 0x0000000711900000, 0x0000000711a00000|  0%| F|  |TAMS 0x0000000711900000, 0x0000000711900000| Untracked 
| 130|0x0000000711a00000, 0x0000000711a00000, 0x0000000711b00000|  0%| F|  |TAMS 0x0000000711a00000, 0x0000000711a00000| Untracked 
| 131|0x0000000711b00000, 0x0000000711b00000, 0x0000000711c00000|  0%| F|  |TAMS 0x0000000711b00000, 0x0000000711b00000| Untracked 
| 132|0x0000000711c00000, 0x0000000711c00000, 0x0000000711d00000|  0%| F|  |TAMS 0x0000000711c00000, 0x0000000711c00000| Untracked 
| 133|0x0000000711d00000, 0x0000000711d00000, 0x0000000711e00000|  0%| F|  |TAMS 0x0000000711d00000, 0x0000000711d00000| Untracked 
| 134|0x0000000711e00000, 0x0000000711e00000, 0x0000000711f00000|  0%| F|  |TAMS 0x0000000711e00000, 0x0000000711e00000| Untracked 
| 135|0x0000000711f00000, 0x0000000711f00000, 0x0000000712000000|  0%| F|  |TAMS 0x0000000711f00000, 0x0000000711f00000| Untracked 
| 136|0x0000000712000000, 0x0000000712000000, 0x0000000712100000|  0%| F|  |TAMS 0x0000000712000000, 0x0000000712000000| Untracked 
| 137|0x0000000712100000, 0x0000000712100000, 0x0000000712200000|  0%| F|  |TAMS 0x0000000712100000, 0x0000000712100000| Untracked 
| 138|0x0000000712200000, 0x0000000712200000, 0x0000000712300000|  0%| F|  |TAMS 0x0000000712200000, 0x0000000712200000| Untracked 
| 139|0x0000000712300000, 0x0000000712300000, 0x0000000712400000|  0%| F|  |TAMS 0x0000000712300000, 0x0000000712300000| Untracked 
| 140|0x0000000712400000, 0x0000000712400000, 0x0000000712500000|  0%| F|  |TAMS 0x0000000712400000, 0x0000000712400000| Untracked 
| 141|0x0000000712500000, 0x0000000712500000, 0x0000000712600000|  0%| F|  |TAMS 0x0000000712500000, 0x0000000712500000| Untracked 
| 142|0x0000000712600000, 0x0000000712600000, 0x0000000712700000|  0%| F|  |TAMS 0x0000000712600000, 0x0000000712600000| Untracked 
| 143|0x0000000712700000, 0x0000000712700000, 0x0000000712800000|  0%| F|  |TAMS 0x0000000712700000, 0x0000000712700000| Untracked 
| 144|0x0000000712800000, 0x0000000712800000, 0x0000000712900000|  0%| F|  |TAMS 0x0000000712800000, 0x0000000712800000| Untracked 
| 145|0x0000000712900000, 0x0000000712900000, 0x0000000712a00000|  0%| F|  |TAMS 0x0000000712900000, 0x0000000712900000| Untracked 
| 146|0x0000000712a00000, 0x0000000712a00000, 0x0000000712b00000|  0%| F|  |TAMS 0x0000000712a00000, 0x0000000712a00000| Untracked 
| 147|0x0000000712b00000, 0x0000000712b00000, 0x0000000712c00000|  0%| F|  |TAMS 0x0000000712b00000, 0x0000000712b00000| Untracked 
| 148|0x0000000712c00000, 0x0000000712c00000, 0x0000000712d00000|  0%| F|  |TAMS 0x0000000712c00000, 0x0000000712c00000| Untracked 
| 149|0x0000000712d00000, 0x0000000712d00000, 0x0000000712e00000|  0%| F|  |TAMS 0x0000000712d00000, 0x0000000712d00000| Untracked 
| 150|0x0000000712e00000, 0x0000000712e00000, 0x0000000712f00000|  0%| F|  |TAMS 0x0000000712e00000, 0x0000000712e00000| Untracked 
| 151|0x0000000712f00000, 0x0000000712f00000, 0x0000000713000000|  0%| F|  |TAMS 0x0000000712f00000, 0x0000000712f00000| Untracked 
| 152|0x0000000713000000, 0x0000000713000000, 0x0000000713100000|  0%| F|  |TAMS 0x0000000713000000, 0x0000000713000000| Untracked 
| 153|0x0000000713100000, 0x0000000713100000, 0x0000000713200000|  0%| F|  |TAMS 0x0000000713100000, 0x0000000713100000| Untracked 
| 154|0x0000000713200000, 0x0000000713200000, 0x0000000713300000|  0%| F|  |TAMS 0x0000000713200000, 0x0000000713200000| Untracked 
| 155|0x0000000713300000, 0x0000000713300000, 0x0000000713400000|  0%| F|  |TAMS 0x0000000713300000, 0x0000000713300000| Untracked 
| 156|0x0000000713400000, 0x0000000713400000, 0x0000000713500000|  0%| F|  |TAMS 0x0000000713400000, 0x0000000713400000| Untracked 
| 157|0x0000000713500000, 0x0000000713500000, 0x0000000713600000|  0%| F|  |TAMS 0x0000000713500000, 0x0000000713500000| Untracked 
| 158|0x0000000713600000, 0x0000000713600000, 0x0000000713700000|  0%| F|  |TAMS 0x0000000713600000, 0x0000000713600000| Untracked 
| 159|0x0000000713700000, 0x0000000713700000, 0x0000000713800000|  0%| F|  |TAMS 0x0000000713700000, 0x0000000713700000| Untracked 
| 160|0x0000000713800000, 0x0000000713800000, 0x0000000713900000|  0%| F|  |TAMS 0x0000000713800000, 0x0000000713800000| Untracked 
| 161|0x0000000713900000, 0x0000000713900000, 0x0000000713a00000|  0%| F|  |TAMS 0x0000000713900000, 0x0000000713900000| Untracked 
| 162|0x0000000713a00000, 0x0000000713a00000, 0x0000000713b00000|  0%| F|  |TAMS 0x0000000713a00000, 0x0000000713a00000| Untracked 
| 163|0x0000000713b00000, 0x0000000713b00000, 0x0000000713c00000|  0%| F|  |TAMS 0x0000000713b00000, 0x0000000713b00000| Untracked 
| 164|0x0000000713c00000, 0x0000000713c00000, 0x0000000713d00000|  0%| F|  |TAMS 0x0000000713c00000, 0x0000000713c00000| Untracked 
| 165|0x0000000713d00000, 0x0000000713d00000, 0x0000000713e00000|  0%| F|  |TAMS 0x0000000713d00000, 0x0000000713d00000| Untracked 
| 166|0x0000000713e00000, 0x0000000713e00000, 0x0000000713f00000|  0%| F|  |TAMS 0x0000000713e00000, 0x0000000713e00000| Untracked 
| 167|0x0000000713f00000, 0x0000000713f00000, 0x0000000714000000|  0%| F|  |TAMS 0x0000000713f00000, 0x0000000713f00000| Untracked 
| 168|0x0000000714000000, 0x0000000714000000, 0x0000000714100000|  0%| F|  |TAMS 0x0000000714000000, 0x0000000714000000| Untracked 
| 169|0x0000000714100000, 0x0000000714100000, 0x0000000714200000|  0%| F|  |TAMS 0x0000000714100000, 0x0000000714100000| Untracked 
| 170|0x0000000714200000, 0x0000000714200000, 0x0000000714300000|  0%| F|  |TAMS 0x0000000714200000, 0x0000000714200000| Untracked 
| 171|0x0000000714300000, 0x0000000714300000, 0x0000000714400000|  0%| F|  |TAMS 0x0000000714300000, 0x0000000714300000| Untracked 
| 172|0x0000000714400000, 0x0000000714400000, 0x0000000714500000|  0%| F|  |TAMS 0x0000000714400000, 0x0000000714400000| Untracked 
| 173|0x0000000714500000, 0x0000000714500000, 0x0000000714600000|  0%| F|  |TAMS 0x0000000714500000, 0x0000000714500000| Untracked 
| 174|0x0000000714600000, 0x0000000714600000, 0x0000000714700000|  0%| F|  |TAMS 0x0000000714600000, 0x0000000714600000| Untracked 
| 175|0x0000000714700000, 0x0000000714700000, 0x0000000714800000|  0%| F|  |TAMS 0x0000000714700000, 0x0000000714700000| Untracked 
| 176|0x0000000714800000, 0x0000000714800000, 0x0000000714900000|  0%| F|  |TAMS 0x0000000714800000, 0x0000000714800000| Untracked 
| 177|0x0000000714900000, 0x0000000714900000, 0x0000000714a00000|  0%| F|  |TAMS 0x0000000714900000, 0x0000000714900000| Untracked 
| 178|0x0000000714a00000, 0x0000000714a00000, 0x0000000714b00000|  0%| F|  |TAMS 0x0000000714a00000, 0x0000000714a00000| Untracked 
| 179|0x0000000714b00000, 0x0000000714b00000, 0x0000000714c00000|  0%| F|  |TAMS 0x0000000714b00000, 0x0000000714b00000| Untracked 
| 180|0x0000000714c00000, 0x0000000714c00000, 0x0000000714d00000|  0%| F|  |TAMS 0x0000000714c00000, 0x0000000714c00000| Untracked 
| 181|0x0000000714d00000, 0x0000000714d00000, 0x0000000714e00000|  0%| F|  |TAMS 0x0000000714d00000, 0x0000000714d00000| Untracked 
| 182|0x0000000714e00000, 0x0000000714e00000, 0x0000000714f00000|  0%| F|  |TAMS 0x0000000714e00000, 0x0000000714e00000| Untracked 
| 183|0x0000000714f00000, 0x0000000714f00000, 0x0000000715000000|  0%| F|  |TAMS 0x0000000714f00000, 0x0000000714f00000| Untracked 
| 184|0x0000000715000000, 0x0000000715000000, 0x0000000715100000|  0%| F|  |TAMS 0x0000000715000000, 0x0000000715000000| Untracked 
| 185|0x0000000715100000, 0x0000000715100000, 0x0000000715200000|  0%| F|  |TAMS 0x0000000715100000, 0x0000000715100000| Untracked 
| 186|0x0000000715200000, 0x0000000715200000, 0x0000000715300000|  0%| F|  |TAMS 0x0000000715200000, 0x0000000715200000| Untracked 
| 187|0x0000000715300000, 0x0000000715300000, 0x0000000715400000|  0%| F|  |TAMS 0x0000000715300000, 0x0000000715300000| Untracked 
| 188|0x0000000715400000, 0x0000000715400000, 0x0000000715500000|  0%| F|  |TAMS 0x0000000715400000, 0x0000000715400000| Untracked 
| 189|0x0000000715500000, 0x0000000715500000, 0x0000000715600000|  0%| F|  |TAMS 0x0000000715500000, 0x0000000715500000| Untracked 
| 190|0x0000000715600000, 0x0000000715600000, 0x0000000715700000|  0%| F|  |TAMS 0x0000000715600000, 0x0000000715600000| Untracked 
| 191|0x0000000715700000, 0x0000000715800000, 0x0000000715800000|100%| E|  |TAMS 0x0000000715700000, 0x0000000715700000| Complete 
| 192|0x0000000715800000, 0x0000000715900000, 0x0000000715900000|100%| E|CS|TAMS 0x0000000715800000, 0x0000000715800000| Complete 
| 193|0x0000000715900000, 0x0000000715a00000, 0x0000000715a00000|100%| E|CS|TAMS 0x0000000715900000, 0x0000000715900000| Complete 
| 194|0x0000000715a00000, 0x0000000715b00000, 0x0000000715b00000|100%| E|CS|TAMS 0x0000000715a00000, 0x0000000715a00000| Complete 
| 195|0x0000000715b00000, 0x0000000715c00000, 0x0000000715c00000|100%| E|CS|TAMS 0x0000000715b00000, 0x0000000715b00000| Complete 
| 196|0x0000000715c00000, 0x0000000715d00000, 0x0000000715d00000|100%| E|CS|TAMS 0x0000000715c00000, 0x0000000715c00000| Complete 
| 197|0x0000000715d00000, 0x0000000715e00000, 0x0000000715e00000|100%| E|CS|TAMS 0x0000000715d00000, 0x0000000715d00000| Complete 
| 198|0x0000000715e00000, 0x0000000715f00000, 0x0000000715f00000|100%| E|CS|TAMS 0x0000000715e00000, 0x0000000715e00000| Complete 
| 199|0x0000000715f00000, 0x0000000716000000, 0x0000000716000000|100%| E|CS|TAMS 0x0000000715f00000, 0x0000000715f00000| Complete 
| 200|0x0000000716000000, 0x0000000716100000, 0x0000000716100000|100%| E|CS|TAMS 0x0000000716000000, 0x0000000716000000| Complete 
| 201|0x0000000716100000, 0x0000000716200000, 0x0000000716200000|100%| E|CS|TAMS 0x0000000716100000, 0x0000000716100000| Complete 
| 202|0x0000000716200000, 0x0000000716300000, 0x0000000716300000|100%| E|CS|TAMS 0x0000000716200000, 0x0000000716200000| Complete 
| 203|0x0000000716300000, 0x0000000716400000, 0x0000000716400000|100%| E|CS|TAMS 0x0000000716300000, 0x0000000716300000| Complete 
| 204|0x0000000716400000, 0x0000000716500000, 0x0000000716500000|100%| E|CS|TAMS 0x0000000716400000, 0x0000000716400000| Complete 
| 205|0x0000000716500000, 0x0000000716600000, 0x0000000716600000|100%| E|CS|TAMS 0x0000000716500000, 0x0000000716500000| Complete 
| 206|0x0000000716600000, 0x0000000716700000, 0x0000000716700000|100%| E|CS|TAMS 0x0000000716600000, 0x0000000716600000| Complete 
| 207|0x0000000716700000, 0x0000000716800000, 0x0000000716800000|100%| E|CS|TAMS 0x0000000716700000, 0x0000000716700000| Complete 
| 208|0x0000000716800000, 0x0000000716900000, 0x0000000716900000|100%| E|CS|TAMS 0x0000000716800000, 0x0000000716800000| Complete 
| 209|0x0000000716900000, 0x0000000716a00000, 0x0000000716a00000|100%| E|CS|TAMS 0x0000000716900000, 0x0000000716900000| Complete 
| 210|0x0000000716a00000, 0x0000000716b00000, 0x0000000716b00000|100%| E|CS|TAMS 0x0000000716a00000, 0x0000000716a00000| Complete 
| 211|0x0000000716b00000, 0x0000000716c00000, 0x0000000716c00000|100%| E|CS|TAMS 0x0000000716b00000, 0x0000000716b00000| Complete 
| 212|0x0000000716c00000, 0x0000000716d00000, 0x0000000716d00000|100%| E|CS|TAMS 0x0000000716c00000, 0x0000000716c00000| Complete 
| 213|0x0000000716d00000, 0x0000000716e00000, 0x0000000716e00000|100%| E|CS|TAMS 0x0000000716d00000, 0x0000000716d00000| Complete 
| 214|0x0000000716e00000, 0x0000000716f00000, 0x0000000716f00000|100%| E|CS|TAMS 0x0000000716e00000, 0x0000000716e00000| Complete 
| 215|0x0000000716f00000, 0x0000000717000000, 0x0000000717000000|100%| E|CS|TAMS 0x0000000716f00000, 0x0000000716f00000| Complete 
| 216|0x0000000717000000, 0x0000000717100000, 0x0000000717100000|100%| E|CS|TAMS 0x0000000717000000, 0x0000000717000000| Complete 
| 217|0x0000000717100000, 0x0000000717200000, 0x0000000717200000|100%| E|CS|TAMS 0x0000000717100000, 0x0000000717100000| Complete 
| 218|0x0000000717200000, 0x0000000717300000, 0x0000000717300000|100%| E|CS|TAMS 0x0000000717200000, 0x0000000717200000| Complete 
| 219|0x0000000717300000, 0x0000000717400000, 0x0000000717400000|100%| E|CS|TAMS 0x0000000717300000, 0x0000000717300000| Complete 
| 220|0x0000000717400000, 0x0000000717500000, 0x0000000717500000|100%| E|CS|TAMS 0x0000000717400000, 0x0000000717400000| Complete 
| 221|0x0000000717500000, 0x0000000717600000, 0x0000000717600000|100%| S|CS|TAMS 0x0000000717500000, 0x0000000717500000| Complete 
| 222|0x0000000717600000, 0x0000000717700000, 0x0000000717700000|100%| S|CS|TAMS 0x0000000717600000, 0x0000000717600000| Complete 
| 223|0x0000000717700000, 0x0000000717800000, 0x0000000717800000|100%| S|CS|TAMS 0x0000000717700000, 0x0000000717700000| Complete 
| 224|0x0000000717800000, 0x0000000717900000, 0x0000000717900000|100%| E|CS|TAMS 0x0000000717800000, 0x0000000717800000| Complete 
| 225|0x0000000717900000, 0x0000000717a00000, 0x0000000717a00000|100%| E|CS|TAMS 0x0000000717900000, 0x0000000717900000| Complete 
| 226|0x0000000717a00000, 0x0000000717b00000, 0x0000000717b00000|100%| E|CS|TAMS 0x0000000717a00000, 0x0000000717a00000| Complete 
| 227|0x0000000717b00000, 0x0000000717c00000, 0x0000000717c00000|100%| E|CS|TAMS 0x0000000717b00000, 0x0000000717b00000| Complete 
| 228|0x0000000717c00000, 0x0000000717d00000, 0x0000000717d00000|100%| E|CS|TAMS 0x0000000717c00000, 0x0000000717c00000| Complete 
| 229|0x0000000717d00000, 0x0000000717e00000, 0x0000000717e00000|100%| E|CS|TAMS 0x0000000717d00000, 0x0000000717d00000| Complete 
| 230|0x0000000717e00000, 0x0000000717f00000, 0x0000000717f00000|100%| E|CS|TAMS 0x0000000717e00000, 0x0000000717e00000| Complete 
| 231|0x0000000717f00000, 0x0000000718000000, 0x0000000718000000|100%| E|CS|TAMS 0x0000000717f00000, 0x0000000717f00000| Complete 
| 232|0x0000000718000000, 0x0000000718100000, 0x0000000718100000|100%| E|CS|TAMS 0x0000000718000000, 0x0000000718000000| Complete 
| 233|0x0000000718100000, 0x0000000718200000, 0x0000000718200000|100%| E|CS|TAMS 0x0000000718100000, 0x0000000718100000| Complete 
| 234|0x0000000718200000, 0x0000000718300000, 0x0000000718300000|100%| E|CS|TAMS 0x0000000718200000, 0x0000000718200000| Complete 
| 235|0x0000000718300000, 0x0000000718400000, 0x0000000718400000|100%| E|CS|TAMS 0x0000000718300000, 0x0000000718300000| Complete 
| 236|0x0000000718400000, 0x0000000718500000, 0x0000000718500000|100%| E|CS|TAMS 0x0000000718400000, 0x0000000718400000| Complete 
| 237|0x0000000718500000, 0x0000000718600000, 0x0000000718600000|100%| E|CS|TAMS 0x0000000718500000, 0x0000000718500000| Complete 
| 238|0x0000000718600000, 0x0000000718700000, 0x0000000718700000|100%| E|CS|TAMS 0x0000000718600000, 0x0000000718600000| Complete 
| 239|0x0000000718700000, 0x0000000718800000, 0x0000000718800000|100%| E|CS|TAMS 0x0000000718700000, 0x0000000718700000| Complete 
| 240|0x0000000718800000, 0x0000000718900000, 0x0000000718900000|100%| E|CS|TAMS 0x0000000718800000, 0x0000000718800000| Complete 
| 241|0x0000000718900000, 0x0000000718a00000, 0x0000000718a00000|100%| E|CS|TAMS 0x0000000718900000, 0x0000000718900000| Complete 
| 242|0x0000000718a00000, 0x0000000718b00000, 0x0000000718b00000|100%| E|CS|TAMS 0x0000000718a00000, 0x0000000718a00000| Complete 
| 243|0x0000000718b00000, 0x0000000718c00000, 0x0000000718c00000|100%| E|CS|TAMS 0x0000000718b00000, 0x0000000718b00000| Complete 
| 244|0x0000000718c00000, 0x0000000718d00000, 0x0000000718d00000|100%| E|CS|TAMS 0x0000000718c00000, 0x0000000718c00000| Complete 
| 245|0x0000000718d00000, 0x0000000718e00000, 0x0000000718e00000|100%| E|CS|TAMS 0x0000000718d00000, 0x0000000718d00000| Complete 
| 246|0x0000000718e00000, 0x0000000718f00000, 0x0000000718f00000|100%| E|CS|TAMS 0x0000000718e00000, 0x0000000718e00000| Complete 
| 247|0x0000000718f00000, 0x0000000719000000, 0x0000000719000000|100%| E|CS|TAMS 0x0000000718f00000, 0x0000000718f00000| Complete 
|2918|0x00000007bfe00000, 0x00000007bfe47000, 0x00000007bff00000| 27%|OA|  |TAMS 0x00000007bfe00000, 0x00000007bfe00000| Untracked 
|2919|0x00000007bff00000, 0x00000007bff6b000, 0x00000007c0000000| 41%|CA|  |TAMS 0x00000007bff00000, 0x00000007bff00000| Untracked 

Card table byte_map: [0x00007f0c13098000,0x00007f0c1384c000] _byte_map_base: 0x00007f0c0f84c000

Marking Bits (Prev, Next): (CMBitMap*) 0x00007f0c30080f88, (CMBitMap*) 0x00007f0c30080fc0
 Prev Bits: [0x00007f0c0eb44000, 0x00007f0c128e4000)
 Next Bits: [0x00007f0c0ada4000, 0x00007f0c0eb44000)

Polling page: 0x00007f0c363ca000

Metaspace:

Usage:
  Non-class:      9,41 MB capacity,     7,44 MB ( 79%) used,     1,93 MB ( 21%) free+waste,    45,44 KB ( <1%) overhead. 
      Class:      1,69 MB capacity,     1,38 MB ( 82%) used,   288,65 KB ( 17%) free+waste,    23,56 KB (  1%) overhead. 
       Both:     11,10 MB capacity,     8,82 MB ( 79%) used,     2,21 MB ( 20%) free+waste,    69,00 KB ( <1%) overhead. 

Virtual space:
  Non-class space:       10,00 MB reserved,       9,50 MB ( 95%) committed 
      Class space:        1,00 GB reserved,       1,75 MB ( <1%) committed 
             Both:        1,01 GB reserved,      11,25 MB (  1%) committed 

Chunk freelists:
   Non-Class:  75,00 KB
       Class:  2,00 KB
        Both:  77,00 KB

MaxMetaspaceSize: unlimited
CompressedClassSpaceSize: 1,00 GB

CodeHeap 'non-profiled nmethods': size=120032Kb used=531Kb max_used=531Kb free=119500Kb
 bounds [0x00007f0c20340000, 0x00007f0c205b0000, 0x00007f0c27878000]
CodeHeap 'profiled nmethods': size=120028Kb used=2604Kb max_used=2604Kb free=117423Kb
 bounds [0x00007f0c18e09000, 0x00007f0c19099000, 0x00007f0c20340000]
CodeHeap 'non-nmethods': size=5700Kb used=1142Kb max_used=1168Kb free=4557Kb
 bounds [0x00007f0c18878000, 0x00007f0c18ae8000, 0x00007f0c18e09000]
 total_blobs=1736 nmethods=1364 adapters=292
 compilation: enabled
              stopped_count=0, restarted_count=0
 full_count=0

Compilation events (20 events):
Event: 1,004 Thread 0x00007f0c30246800 nmethod 1329 0x00007f0c19080790 code [0x00007f0c19080980, 0x00007f0c19080d10]
Event: 1,004 Thread 0x00007f0c30246800 1330   !   3       java.nio.ByteBuffer::wrap (20 bytes)
Event: 1,004 Thread 0x00007f0c30246800 nmethod 1330 0x00007f0c19080f90 code [0x00007f0c19081180, 0x00007f0c190814d0]
Event: 1,004 Thread 0x00007f0c30246800 1331       3       java.lang.reflect.Constructor::newInstance (76 bytes)
Event: 1,004 Thread 0x00007f0c30246800 nmethod 1331 0x00007f0c19081710 code [0x00007f0c19081920, 0x00007f0c19081db0]
Event: 1,004 Thread 0x00007f0c30246800 1333       3       java.lang.reflect.Proxy$ProxyBuilder::addElementTypes (33 bytes)
Event: 1,005 Thread 0x00007f0c30246800 nmethod 1333 0x00007f0c19081f90 code [0x00007f0c190821e0, 0x00007f0c19082b10]
Event: 1,005 Thread 0x00007f0c30246800 1332       1       java.lang.reflect.Method::getSharedExceptionTypes (5 bytes)
Event: 1,005 Thread 0x00007f0c30246800 nmethod 1332 0x00007f0c203c4010 code [0x00007f0c203c41c0, 0x00007f0c203c4290]
Event: 1,018 Thread 0x00007f0c30246800 1336   !   3       java.lang.StringCoding::decode (300 bytes)
Event: 1,020 Thread 0x00007f0c30246800 nmethod 1336 0x00007f0c19082e90 code [0x00007f0c19083320, 0x00007f0c19085770]
Event: 1,022 Thread 0x00007f0c30246800 1338       3       net.bytebuddy.description.type.TypeDescription$AbstractBase::<init> (5 bytes)
Event: 1,023 Thread 0x00007f0c30246800 nmethod 1338 0x00007f0c19086590 code [0x00007f0c19086760, 0x00007f0c19086990]
Event: 1,023 Thread 0x00007f0c30246800 1337       3       net.bytebuddy.description.type.TypeList$Generic$Explicit::<init> (10 bytes)
Event: 1,023 Thread 0x00007f0c30246800 nmethod 1337 0x00007f0c19086a90 code [0x00007f0c19086c60, 0x00007f0c19086fb0]
Event: 1,028 Thread 0x00007f0c30246800 1339       3       java.util.Arrays$ArrayItr::next (36 bytes)
Event: 1,028 Thread 0x00007f0c30246800 nmethod 1339 0x00007f0c19087110 code [0x00007f0c190872e0, 0x00007f0c19087500]
Event: 1,028 Thread 0x00007f0c30246800 1340       3       jdk.internal.reflect.DelegatingMethodAccessorImpl::invoke (10 bytes)
Event: 1,028 Thread 0x00007f0c30246800 nmethod 1340 0x00007f0c19087610 code [0x00007f0c190877c0, 0x00007f0c190879c0]
Event: 1,028 Thread 0x00007f0c30246800 1341       3       java.lang.reflect.AccessibleObject::verifyAccess (84 bytes)

GC Heap History (2 events):
Event: 0,428 GC heap before
{Heap before GC invocations=0 (full 0):
 garbage-first heap   total 256000K, used 25288K [0x0000000709800000, 0x0000000800000000)
  region size 1024K, 24 young (24576K), 0 survivors (0K)
 Metaspace       used 2693K, capacity 5636K, committed 5760K, reserved 1056768K
  class space    used 289K, capacity 582K, committed 640K, reserved 1048576K
}
Event: 0,439 GC heap after
{Heap after GC invocations=1 (full 0):
 garbage-first heap   total 256000K, used 8708K [0x0000000709800000, 0x0000000800000000)
  region size 1024K, 3 young (3072K), 3 survivors (3072K)
 Metaspace       used 2693K, capacity 5636K, committed 5760K, reserved 1056768K
  class space    used 289K, capacity 582K, committed 640K, reserved 1048576K
}

Deoptimization events (20 events):
Event: 0,818 Thread 0x00007f0c3001c000 DEOPT PACKING pc=0x00007f0c2037e5c4 sp=0x00007f0c34b94a50
Event: 0,818 Thread 0x00007f0c3001c000 DEOPT UNPACKING pc=0x00007f0c188ae525 sp=0x00007f0c34b94a18 mode 2
Event: 0,910 Thread 0x00007f0c3001c000 DEOPT PACKING pc=0x00007f0c18f43654 sp=0x00007f0c34b95ad0
Event: 0,910 Thread 0x00007f0c3001c000 DEOPT UNPACKING pc=0x00007f0c188aecca sp=0x00007f0c34b94fe0 mode 1
Event: 0,964 Thread 0x00007f0c3001c000 Uncommon trap: trap_request=0xffffffde fr.pc=0x00007f0c20384d58 relative=0x0000000000001b18
Event: 0,964 Thread 0x00007f0c3001c000 Uncommon trap: reason=class_check action=maybe_recompile pc=0x00007f0c20384d58 method=java.util.HashMap.putVal(ILjava/lang/Object;Ljava/lang/Object;ZZ)Ljava/lang/Object; @ 203 c2
Event: 0,964 Thread 0x00007f0c3001c000 DEOPT PACKING pc=0x00007f0c20384d58 sp=0x00007f0c34b972d0
Event: 0,964 Thread 0x00007f0c3001c000 DEOPT UNPACKING pc=0x00007f0c188ae525 sp=0x00007f0c34b97258 mode 2
Event: 0,967 Thread 0x00007f0c3001c000 Uncommon trap: trap_request=0xffffffc6 fr.pc=0x00007f0c2037d330 relative=0x00000000000004d0
Event: 0,967 Thread 0x00007f0c3001c000 Uncommon trap: reason=bimorphic_or_optimized_type_check action=maybe_recompile pc=0x00007f0c2037d330 method=java.util.HashMap.getNode(ILjava/lang/Object;)Ljava/util/HashMap$Node; @ 126 c2
Event: 0,967 Thread 0x00007f0c3001c000 DEOPT PACKING pc=0x00007f0c2037d330 sp=0x00007f0c34b97830
Event: 0,967 Thread 0x00007f0c3001c000 DEOPT UNPACKING pc=0x00007f0c188ae525 sp=0x00007f0c34b97798 mode 2
Event: 0,971 Thread 0x00007f0c3001c000 DEOPT PACKING pc=0x00007f0c18f641a7 sp=0x00007f0c34b96c60
Event: 0,971 Thread 0x00007f0c3001c000 DEOPT UNPACKING pc=0x00007f0c188aecca sp=0x00007f0c34b96118 mode 0
Event: 0,986 Thread 0x00007f0c3001c000 DEOPT PACKING pc=0x00007f0c18f6626c sp=0x00007f0c34b97390
Event: 0,986 Thread 0x00007f0c3001c000 DEOPT UNPACKING pc=0x00007f0c188aecca sp=0x00007f0c34b96848 mode 1
Event: 0,986 Thread 0x00007f0c3001c000 DEOPT PACKING pc=0x00007f0c18ffd604 sp=0x00007f0c34b97460
Event: 0,987 Thread 0x00007f0c3001c000 DEOPT UNPACKING pc=0x00007f0c188aecca sp=0x00007f0c34b96938 mode 1
Event: 1,008 Thread 0x00007f0c3001c000 DEOPT PACKING pc=0x00007f0c18f641a7 sp=0x00007f0c34b975f0
Event: 1,008 Thread 0x00007f0c3001c000 DEOPT UNPACKING pc=0x00007f0c188aecca sp=0x00007f0c34b96aa8 mode 0

Classes redefined (0 events):
No events

Internal exceptions (20 events):
Event: 0,446 Thread 0x00007f0c3001c000 Exception <a 'java/lang/NoSuchMethodError'{0x0000000718e0d608}: 'int java.lang.invoke.DirectMethodHandle$Holder.invokeSpecialIFC(java.lang.Object, java.lang.Object, java.lang.Object, java.lang.Object)'> (0x0000000718e0d608) thrown at [src/hotspot/share/interpreter/linkResolver.cpp, line 772]
Event: 0,465 Thread 0x00007f0c3001c000 Exception <a 'java/lang/NoSuchMethodError'{0x0000000718ef5030}: 'void java.lang.invoke.DirectMethodHandle$Holder.invokeInterface(java.lang.Object, java.lang.Object)'> (0x0000000718ef5030) thrown at [src/hotspot/share/interpreter/linkResolver.cpp, line 772]
Event: 0,466 Thread 0x00007f0c3001c000 Exception <a 'java/lang/IncompatibleClassChangeError'{0x0000000718ef7f38}: Found class java.lang.Object, but interface was expected> (0x0000000718ef7f38) thrown at [src/hotspot/share/interpreter/linkResolver.cpp, line 839]
Event: 0,496 Thread 0x00007f0c3001c000 Exception <a 'java/lang/NoSuchMethodError'{0x0000000718c2f0a0}: 'java.lang.Object java.lang.invoke.Invokers$Holder.linkToTargetMethod(java.lang.Object, java.lang.Object, java.lang.Object, java.lang.Object, java.lang.Object, java.lang.Object)'> (0x0000000718c2f0a0) thrown at [src/hotspot/share/interpreter/linkResolver.cpp, line 772]
Event: 0,524 Thread 0x00007f0c3001c000 Exception <a 'java/lang/NoSuchMethodError'{0x0000000718a41ab8}: 'java.lang.Object java.lang.invoke.DirectMethodHandle$Holder.invokeSpecialIFC(java.lang.Object, java.lang.Object, java.lang.Object, java.lang.Object)'> (0x0000000718a41ab8) thrown at [src/hotspot/share/interpreter/linkResolver.cpp, line 772]
Event: 0,535 Thread 0x00007f0c3001c000 Exception <a 'java/lang/IncompatibleClassChangeError'{0x0000000718ad8bf0}: Found class java.lang.Object, but interface was expected> (0x0000000718ad8bf0) thrown at [src/hotspot/share/interpreter/linkResolver.cpp, line 839]
Event: 0,540 Thread 0x00007f0c3001c000 Exception <a 'java/lang/IncompatibleClassChangeError'{0x0000000718930548}: Found class java.lang.Object, but interface was expected> (0x0000000718930548) thrown at [src/hotspot/share/interpreter/linkResolver.cpp, line 839]
Event: 0,543 Thread 0x00007f0c3001c000 Exception <a 'java/lang/NoSuchMethodError'{0x000000071895c368}: 'void java.lang.invoke.DirectMethodHandle$Holder.invokeSpecial(java.lang.Object, java.lang.Object, java.lang.Object, java.lang.Object, java.lang.Object)'> (0x000000071895c368) thrown at [src/hotspot/share/interpreter/linkResolver.cpp, line 772]
Event: 0,553 Thread 0x00007f0c3001c000 Exception <a 'java/lang/IncompatibleClassChangeError'{0x00000007189c6e18}: Found class java.lang.Object, but interface was expected> (0x00000007189c6e18) thrown at [src/hotspot/share/interpreter/linkResolver.cpp, line 839]
Event: 0,555 Thread 0x00007f0c3001c000 Exception <a 'java/lang/NoSuchMethodError'{0x00000007189de458}: 'void java.lang.invoke.DirectMethodHandle$Holder.invokeStatic(java.lang.Object, java.lang.Object, java.lang.Object, java.lang.Object)'> (0x00000007189de458) thrown at [src/hotspot/share/interpreter/linkResolver.cpp, line 772]
Event: 0,557 Thread 0x00007f0c3001c000 Exception <a 'java/lang/NoSuchMethodError'{0x00000007189f09a8}: 'java.lang.Object java.lang.invoke.DirectMethodHandle$Holder.invokeVirtual(java.lang.Object, java.lang.Object, java.lang.Object)'> (0x00000007189f09a8) thrown at [src/hotspot/share/interpreter/linkResolver.cpp, line 772]
Event: 0,574 Thread 0x00007f0c3001c000 Exception <a 'java/lang/NoSuchMethodError'{0x00000007188ff750}: 'int java.lang.invoke.DirectMethodHandle$Holder.invokeStatic(java.lang.Object, java.lang.Object, java.lang.Object, java.lang.Object, java.lang.Object)'> (0x00000007188ff750) thrown at [src/hotspot/share/interpreter/linkResolver.cpp, line 772]
Event: 0,578 Thread 0x00007f0c3001c000 Exception <a 'java/lang/NoSuchMethodError'{0x000000071873d9a0}: 'void java.lang.invoke.DirectMethodHandle$Holder.invokeSpecial(java.lang.Object, java.lang.Object, java.lang.Object, java.lang.Object)'> (0x000000071873d9a0) thrown at [src/hotspot/share/interpreter/linkResolver.cpp, line 772]
Event: 0,586 Thread 0x00007f0c3001c000 Exception <a 'java/lang/NoSuchMethodError'{0x00000007187ab2e0}: 'void java.lang.invoke.DirectMethodHandle$Holder.invokeSpecial(java.lang.Object, java.lang.Object)'> (0x00000007187ab2e0) thrown at [src/hotspot/share/interpreter/linkResolver.cpp, line 772]
Event: 0,604 Thread 0x00007f0c3001c000 Exception <a 'java/lang/NoSuchMethodError'{0x00000007186f48b0}: 'int java.lang.invoke.DirectMethodHandle$Holder.invokeStaticInit(java.lang.Object, java.lang.Object, java.lang.Object)'> (0x00000007186f48b0) thrown at [src/hotspot/share/interpreter/linkResolver.cpp, line 772]
Event: 0,650 Thread 0x00007f0c3001c000 Exception <a 'java/lang/NoSuchMethodError'{0x0000000718253168}: 'void java.lang.invoke.DirectMethodHandle$Holder.invokeStatic(java.lang.Object, java.lang.Object, java.lang.Object, java.lang.Object, java.lang.Object)'> (0x0000000718253168) thrown at [src/hotspot/share/interpreter/linkResolver.cpp, line 772]
Event: 0,651 Thread 0x00007f0c3001c000 Exception <a 'java/lang/NoSuchMethodError'{0x0000000718261710}: 'java.lang.Object java.lang.invoke.Invokers$Holder.linkToTargetMethod(java.lang.Object, java.lang.Object, java.lang.Object, java.lang.Object, java.lang.Object, java.lang.Object, java.lang.Object)'> (0x0000000718261710) thrown at [src/hotspot/share/interpreter/linkResolver.cpp, line 772]
Event: 0,653 Thread 0x00007f0c3001c000 Exception <a 'java/lang/NoSuchMethodError'{0x000000071826bfd8}: 'java.lang.Object java.lang.invoke.DirectMethodHandle$Holder.invokeInterface(java.lang.Object, java.lang.Object, java.lang.Object, java.lang.Object, java.lang.Object)'> (0x000000071826bfd8) thrown at [src/hotspot/share/interpreter/linkResolver.cpp, line 772]
Event: 0,653 Thread 0x00007f0c3001c000 Exception <a 'java/lang/IncompatibleClassChangeError'{0x000000071826f730}: Found class java.lang.Object, but interface was expected> (0x000000071826f730) thrown at [src/hotspot/share/interpreter/linkResolver.cpp, line 839]
Event: 0,910 Thread 0x00007f0c3001c000 Exception <a 'java/lang/ClassNotFoundException'{0x00000007165d4d08}: java/lang/ClassLoader$ByteBuddyAccessor$IYrr8NJP> (0x00000007165d4d08) thrown at [src/hotspot/share/classfile/systemDictionary.cpp, line 231]

Events (20 events):
Event: 1,025 loading class net/bytebuddy/description/annotation/AnnotationValue$ForConstant$PropertyDelegate$ForNonArrayType$4
Event: 1,025 loading class net/bytebuddy/description/annotation/AnnotationValue$ForConstant$PropertyDelegate$ForNonArrayType$4 done
Event: 1,025 loading class net/bytebuddy/description/annotation/AnnotationValue$ForConstant$PropertyDelegate$ForNonArrayType$5
Event: 1,025 loading class net/bytebuddy/description/annotation/AnnotationValue$ForConstant$PropertyDelegate$ForNonArrayType$5 done
Event: 1,025 loading class net/bytebuddy/description/annotation/AnnotationValue$ForConstant$PropertyDelegate$ForNonArrayType$6
Event: 1,025 loading class net/bytebuddy/description/annotation/AnnotationValue$ForConstant$PropertyDelegate$ForNonArrayType$6 done
Event: 1,026 loading class net/bytebuddy/description/annotation/AnnotationValue$ForConstant$PropertyDelegate$ForNonArrayType$7
Event: 1,026 loading class net/bytebuddy/description/annotation/AnnotationValue$ForConstant$PropertyDelegate$ForNonArrayType$7 done
Event: 1,026 loading class net/bytebuddy/description/annotation/AnnotationValue$ForConstant$PropertyDelegate$ForNonArrayType$8
Event: 1,026 loading class net/bytebuddy/description/annotation/AnnotationValue$ForConstant$PropertyDelegate$ForNonArrayType$8 done
Event: 1,026 loading class net/bytebuddy/description/annotation/AnnotationValue$ForConstant$PropertyDelegate$ForNonArrayType$9
Event: 1,026 loading class net/bytebuddy/description/annotation/AnnotationValue$ForConstant$PropertyDelegate$ForNonArrayType$9 done
Event: 1,027 loading class net/bytebuddy/description/enumeration/EnumerationDescription$ForLoadedEnumeration
Event: 1,027 loading class net/bytebuddy/description/enumeration/EnumerationDescription$ForLoadedEnumeration done
Event: 1,027 loading class net/bytebuddy/description/enumeration/EnumerationDescription$AbstractBase
Event: 1,027 loading class net/bytebuddy/description/enumeration/EnumerationDescription$AbstractBase done
Event: 1,027 loading class net/bytebuddy/description/annotation/AnnotationValue$ForEnumerationDescription
Event: 1,027 loading class net/bytebuddy/description/annotation/AnnotationValue$ForEnumerationDescription done
Event: 1,028 loading class net/bytebuddy/description/annotation/AnnotationValue$ForTypeDescription
Event: 1,028 loading class net/bytebuddy/description/annotation/AnnotationValue$ForTypeDescription done


Dynamic libraries:
709800000-719000000 rw-p 00000000 00:00 0 
719000000-7bfe00000 ---p 00000000 00:00 0 
7bfe00000-7bfe47000 rw-p 01111000 fd:01 4194885                          /usr/lib/jvm/java-11-openjdk-amd64/lib/server/classes.jsa
7bfe47000-7bff00000 rw-p 00000000 00:00 0 
7bff00000-7bff6b000 rw-p 010a6000 fd:01 4194885                          /usr/lib/jvm/java-11-openjdk-amd64/lib/server/classes.jsa
7bff6b000-7c0000000 rw-p 00000000 00:00 0 
7c0000000-800000000 ---p 00000000 00:00 0 
800000000-800002000 rwxp 00001000 fd:01 4194885                          /usr/lib/jvm/java-11-openjdk-amd64/lib/server/classes.jsa
800002000-8010a5000 rw-p 00003000 fd:01 4194885                          /usr/lib/jvm/java-11-openjdk-amd64/lib/server/classes.jsa
840000000-8401c0000 rw-p 00000000 00:00 0 
8401c0000-880000000 ---p 00000000 00:00 0 
5607e8413000-5607e8414000 r--p 00000000 fd:01 4198696                    /usr/lib/jvm/java-11-openjdk-amd64/bin/java
5607e8414000-5607e8415000 r-xp 00001000 fd:01 4198696                    /usr/lib/jvm/java-11-openjdk-amd64/bin/java
5607e8415000-5607e8416000 r--p 00002000 fd:01 4198696                    /usr/lib/jvm/java-11-openjdk-amd64/bin/java
5607e8416000-5607e8417000 r--p 00002000 fd:01 4198696                    /usr/lib/jvm/java-11-openjdk-amd64/bin/java
5607e8417000-5607e8418000 rw-p 00003000 fd:01 4198696                    /usr/lib/jvm/java-11-openjdk-amd64/bin/java
5607e8a33000-5607e8a54000 rw-p 00000000 00:00 0                          [heap]
7f0ba8000000-7f0ba8021000 rw-p 00000000 00:00 0 
7f0ba8021000-7f0bac000000 ---p 00000000 00:00 0 
7f0bac000000-7f0bac021000 rw-p 00000000 00:00 0 
7f0bac021000-7f0bb0000000 ---p 00000000 00:00 0 
7f0bb0000000-7f0bb0021000 rw-p 00000000 00:00 0 
7f0bb0021000-7f0bb4000000 ---p 00000000 00:00 0 
7f0bb4000000-7f0bb4021000 rw-p 00000000 00:00 0 
7f0bb4021000-7f0bb8000000 ---p 00000000 00:00 0 
7f0bb8000000-7f0bb8021000 rw-p 00000000 00:00 0 
7f0bb8021000-7f0bbc000000 ---p 00000000 00:00 0 
7f0bbc000000-7f0bbc021000 rw-p 00000000 00:00 0 
7f0bbc021000-7f0bc0000000 ---p 00000000 00:00 0 
7f0bc0000000-7f0bc0021000 rw-p 00000000 00:00 0 
7f0bc0021000-7f0bc4000000 ---p 00000000 00:00 0 
7f0bc4000000-7f0bc453a000 rw-p 00000000 00:00 0 
7f0bc453a000-7f0bc8000000 ---p 00000000 00:00 0 
7f0bc8000000-7f0bc8032000 rw-p 00000000 00:00 0 
7f0bc8032000-7f0bcc000000 ---p 00000000 00:00 0 
7f0bcc000000-7f0bcc038000 rw-p 00000000 00:00 0 
7f0bcc038000-7f0bd0000000 ---p 00000000 00:00 0 
7f0bd0000000-7f0bd0021000 rw-p 00000000 00:00 0 
7f0bd0021000-7f0bd4000000 ---p 00000000 00:00 0 
7f0bd4000000-7f0bd4021000 rw-p 00000000 00:00 0 
7f0bd4021000-7f0bd8000000 ---p 00000000 00:00 0 
7f0bd8000000-7f0bd866c000 rw-p 00000000 00:00 0 
7f0bd866c000-7f0bdc000000 ---p 00000000 00:00 0 
7f0bdc000000-7f0bdc4c2000 rw-p 00000000 00:00 0 
7f0bdc4c2000-7f0be0000000 ---p 00000000 00:00 0 
7f0be0000000-7f0be0021000 rw-p 00000000 00:00 0 
7f0be0021000-7f0be4000000 ---p 00000000 00:00 0 
7f0be4000000-7f0be4021000 rw-p 00000000 00:00 0 
7f0be4021000-7f0be8000000 ---p 00000000 00:00 0 
7f0be8000000-7f0be8021000 rw-p 00000000 00:00 0 
7f0be8021000-7f0bec000000 ---p 00000000 00:00 0 
7f0bec000000-7f0bec021000 rw-p 00000000 00:00 0 
7f0bec021000-7f0bf0000000 ---p 00000000 00:00 0 
7f0bf0000000-7f0bf0021000 rw-p 00000000 00:00 0 
7f0bf0021000-7f0bf4000000 ---p 00000000 00:00 0 
7f0bf4000000-7f0bf4021000 rw-p 00000000 00:00 0 
7f0bf4021000-7f0bf8000000 ---p 00000000 00:00 0 
7f0bfa2b4000-7f0bfa434000 rw-p 00000000 00:00 0 
7f0bfa434000-7f0bfa4b4000 ---p 00000000 00:00 0 
7f0bfa57b000-7f0bfa57c000 ---p 00000000 00:00 0 
7f0bfa57c000-7f0bfa67d000 rw-p 00000000 00:00 0 
7f0bfa67d000-7f0bfa67e000 ---p 00000000 00:00 0 
7f0bfa67e000-7f0bfa77f000 rw-p 00000000 00:00 0 
7f0bfa77f000-7f0bfa780000 ---p 00000000 00:00 0 
7f0bfa780000-7f0bfa881000 rw-p 00000000 00:00 0 
7f0bfa881000-7f0bfa882000 ---p 00000000 00:00 0 
7f0bfa882000-7f0bfa983000 rw-p 00000000 00:00 0 
7f0bfa983000-7f0bfa984000 ---p 00000000 00:00 0 
7f0bfa984000-7f0bfaa85000 rw-p 00000000 00:00 0 
7f0bfaa85000-7f0bfaa86000 ---p 00000000 00:00 0 
7f0bfaa86000-7f0bfab87000 rw-p 00000000 00:00 0 
7f0bfab87000-7f0bfab8b000 ---p 00000000 00:00 0 
7f0bfab8b000-7f0bfac88000 rw-p 00000000 00:00 0 
7f0bfac88000-7f0bfac8c000 ---p 00000000 00:00 0 
7f0bfac8c000-7f0bfad89000 rw-p 00000000 00:00 0 
7f0bfad89000-7f0bfad8d000 ---p 00000000 00:00 0 
7f0bfad8d000-7f0bfae8a000 rw-p 00000000 00:00 0 
7f0bfae8a000-7f0bfae8e000 ---p 00000000 00:00 0 
7f0bfae8e000-7f0bfaf8b000 rw-p 00000000 00:00 0 
7f0bfaf8b000-7f0bfaf8f000 ---p 00000000 00:00 0 
7f0bfaf8f000-7f0bfb08c000 rw-p 00000000 00:00 0 
7f0bfb08c000-7f0bfb090000 ---p 00000000 00:00 0 
7f0bfb090000-7f0bfb18d000 rw-p 00000000 00:00 0 
7f0bfb18d000-7f0bfb191000 ---p 00000000 00:00 0 
7f0bfb191000-7f0bfb28e000 rw-p 00000000 00:00 0 
7f0bfb28e000-7f0bfb800000 r--p 00000000 fd:01 29098841                   /usr/lib/locale/locale-archive
7f0bfb800000-7f0bfc000000 rw-p 00000000 00:00 0 
7f0bfc000000-7f0bfc021000 rw-p 00000000 00:00 0 
7f0bfc021000-7f0c00000000 ---p 00000000 00:00 0 
7f0c00000000-7f0c00021000 rw-p 00000000 00:00 0 
7f0c00021000-7f0c04000000 ---p 00000000 00:00 0 
7f0c04000000-7f0c04021000 rw-p 00000000 00:00 0 
7f0c04021000-7f0c08000000 ---p 00000000 00:00 0 
7f0c08094000-7f0c08098000 ---p 00000000 00:00 0 
7f0c08098000-7f0c08195000 rw-p 00000000 00:00 0 
7f0c08195000-7f0c08199000 ---p 00000000 00:00 0 
7f0c08199000-7f0c08296000 rw-p 00000000 00:00 0 
7f0c08296000-7f0c0829a000 ---p 00000000 00:00 0 
7f0c0829a000-7f0c08397000 rw-p 00000000 00:00 0 
7f0c08397000-7f0c0839b000 ---p 00000000 00:00 0 
7f0c0839b000-7f0c08498000 rw-p 00000000 00:00 0 
7f0c08498000-7f0c0849c000 ---p 00000000 00:00 0 
7f0c0849c000-7f0c08599000 rw-p 00000000 00:00 0 
7f0c08599000-7f0c0859a000 ---p 00000000 00:00 0 
7f0c0859a000-7f0c0869b000 rw-p 00000000 00:00 0 
7f0c0869b000-7f0c0869c000 ---p 00000000 00:00 0 
7f0c0869c000-7f0c0879d000 rw-p 00000000 00:00 0 
7f0c0879d000-7f0c0879e000 ---p 00000000 00:00 0 
7f0c0879e000-7f0c0b184000 rw-p 00000000 00:00 0 
7f0c0b184000-7f0c0db3c000 ---p 00000000 00:00 0 
7f0c0db3c000-7f0c0db44000 rw-p 00000000 00:00 0 
7f0c0db44000-7f0c0eb44000 ---p 00000000 00:00 0 
7f0c0eb44000-7f0c0ef24000 rw-p 00000000 00:00 0 
7f0c0ef24000-7f0c118dc000 ---p 00000000 00:00 0 
7f0c118dc000-7f0c118e4000 rw-p 00000000 00:00 0 
7f0c118e4000-7f0c128e4000 ---p 00000000 00:00 0 
7f0c128e4000-7f0c12960000 rw-p 00000000 00:00 0 
7f0c12960000-7f0c12e97000 ---p 00000000 00:00 0 
7f0c12e97000-7f0c12e98000 rw-p 00000000 00:00 0 
7f0c12e98000-7f0c13098000 ---p 00000000 00:00 0 
7f0c13098000-7f0c13114000 rw-p 00000000 00:00 0 
7f0c13114000-7f0c1364b000 ---p 00000000 00:00 0 
7f0c1364b000-7f0c1364c000 rw-p 00000000 00:00 0 
7f0c1364c000-7f0c1384c000 ---p 00000000 00:00 0 
7f0c1384c000-7f0c138c8000 rw-p 00000000 00:00 0 
7f0c138c8000-7f0c13dff000 ---p 00000000 00:00 0 
7f0c13dff000-7f0c13e00000 rw-p 00000000 00:00 0 
7f0c13e00000-7f0c14000000 ---p 00000000 00:00 0 
7f0c14000000-7f0c14021000 rw-p 00000000 00:00 0 
7f0c14021000-7f0c18000000 ---p 00000000 00:00 0 
7f0c18043000-7f0c18047000 r--p 00000000 fd:01 4198764                    /usr/lib/jvm/java-11-openjdk-amd64/lib/libnet.so
7f0c18047000-7f0c18056000 r-xp 00004000 fd:01 4198764                    /usr/lib/jvm/java-11-openjdk-amd64/lib/libnet.so
7f0c18056000-7f0c1805a000 r--p 00013000 fd:01 4198764                    /usr/lib/jvm/java-11-openjdk-amd64/lib/libnet.so
7f0c1805a000-7f0c1805b000 r--p 00016000 fd:01 4198764                    /usr/lib/jvm/java-11-openjdk-amd64/lib/libnet.so
7f0c1805b000-7f0c1805c000 rw-p 00017000 fd:01 4198764                    /usr/lib/jvm/java-11-openjdk-amd64/lib/libnet.so
7f0c1805c000-7f0c18063000 r--p 00000000 fd:01 4198765                    /usr/lib/jvm/java-11-openjdk-amd64/lib/libnio.so
7f0c18063000-7f0c1806b000 r-xp 00007000 fd:01 4198765                    /usr/lib/jvm/java-11-openjdk-amd64/lib/libnio.so
7f0c1806b000-7f0c1806e000 r--p 0000f000 fd:01 4198765                    /usr/lib/jvm/java-11-openjdk-amd64/lib/libnio.so
7f0c1806e000-7f0c1806f000 r--p 00011000 fd:01 4198765                    /usr/lib/jvm/java-11-openjdk-amd64/lib/libnio.so
7f0c1806f000-7f0c18070000 rw-p 00012000 fd:01 4198765                    /usr/lib/jvm/java-11-openjdk-amd64/lib/libnio.so
7f0c18070000-7f0c18373000 rw-p 00000000 00:00 0 
7f0c18373000-7f0c18374000 ---p 00000000 00:00 0 
7f0c18374000-7f0c18475000 rw-p 00000000 00:00 0 
7f0c18475000-7f0c18476000 ---p 00000000 00:00 0 
7f0c18476000-7f0c18878000 rw-p 00000000 00:00 0 
7f0c18878000-7f0c18ae8000 rwxp 00000000 00:00 0 
7f0c18ae8000-7f0c18e09000 ---p 00000000 00:00 0 
7f0c18e09000-7f0c19099000 rwxp 00000000 00:00 0 
7f0c19099000-7f0c20340000 ---p 00000000 00:00 0 
7f0c20340000-7f0c205b0000 rwxp 00000000 00:00 0 
7f0c205b0000-7f0c27878000 ---p 00000000 00:00 0 
7f0c27878000-7f0c30000000 r--s 00000000 fd:01 4198774                    /usr/lib/jvm/java-11-openjdk-amd64/lib/modules
7f0c30000000-7f0c30cc5000 rw-p 00000000 00:00 0 
7f0c30cc5000-7f0c34000000 ---p 00000000 00:00 0 
7f0c34010000-7f0c34012000 r--p 00000000 fd:01 4198745                    /usr/lib/jvm/java-11-openjdk-amd64/lib/libdt_socket.so
7f0c34012000-7f0c34015000 r-xp 00002000 fd:01 4198745                    /usr/lib/jvm/java-11-openjdk-amd64/lib/libdt_socket.so
7f0c34015000-7f0c34016000 r--p 00005000 fd:01 4198745                    /usr/lib/jvm/java-11-openjdk-amd64/lib/libdt_socket.so
7f0c34016000-7f0c34017000 ---p 00006000 fd:01 4198745                    /usr/lib/jvm/java-11-openjdk-amd64/lib/libdt_socket.so
7f0c34017000-7f0c34018000 r--p 00006000 fd:01 4198745                    /usr/lib/jvm/java-11-openjdk-amd64/lib/libdt_socket.so
7f0c34018000-7f0c34019000 rw-p 00007000 fd:01 4198745                    /usr/lib/jvm/java-11-openjdk-amd64/lib/libdt_socket.so
7f0c34019000-7f0c34020000 r--s 00000000 fd:01 29757881                   /usr/lib/x86_64-linux-gnu/gconv/gconv-modules.cache
7f0c34020000-7f0c34702000 rw-p 00000000 00:00 0 
7f0c34702000-7f0c34703000 ---p 00000000 00:00 0 
7f0c34703000-7f0c34809000 rw-p 00000000 00:00 0 
7f0c34809000-7f0c348ef000 ---p 00000000 00:00 0 
7f0c348ef000-7f0c348f5000 rw-p 00000000 00:00 0 
7f0c348f5000-7f0c349da000 ---p 00000000 00:00 0 
7f0c349da000-7f0c349df000 rw-p 00000000 00:00 0 
7f0c349df000-7f0c349e6000 ---p 00000000 00:00 0 
7f0c349e6000-7f0c349e9000 r--p 00000000 fd:01 29100177                   /usr/lib/x86_64-linux-gnu/libnss_files-2.31.so
7f0c349e9000-7f0c349f0000 r-xp 00003000 fd:01 29100177                   /usr/lib/x86_64-linux-gnu/libnss_files-2.31.so
7f0c349f0000-7f0c349f2000 r--p 0000a000 fd:01 29100177                   /usr/lib/x86_64-linux-gnu/libnss_files-2.31.so
7f0c349f2000-7f0c349f3000 r--p 0000b000 fd:01 29100177                   /usr/lib/x86_64-linux-gnu/libnss_files-2.31.so
7f0c349f3000-7f0c349f4000 rw-p 0000c000 fd:01 29100177                   /usr/lib/x86_64-linux-gnu/libnss_files-2.31.so
7f0c349f4000-7f0c349fa000 rw-p 00000000 00:00 0 
7f0c349fa000-7f0c349fc000 r--s 0000c000 fd:01 29888990                   /usr/share/java/java-atk-wrapper.jar
7f0c349fc000-7f0c349fe000 r--p 00000000 fd:01 4198773                    /usr/lib/jvm/java-11-openjdk-amd64/lib/libzip.so
7f0c349fe000-7f0c34a02000 r-xp 00002000 fd:01 4198773                    /usr/lib/jvm/java-11-openjdk-amd64/lib/libzip.so
7f0c34a02000-7f0c34a04000 r--p 00006000 fd:01 4198773                    /usr/lib/jvm/java-11-openjdk-amd64/lib/libzip.so
7f0c34a04000-7f0c34a05000 r--p 00007000 fd:01 4198773                    /usr/lib/jvm/java-11-openjdk-amd64/lib/libzip.so
7f0c34a05000-7f0c34a06000 rw-p 00008000 fd:01 4198773                    /usr/lib/jvm/java-11-openjdk-amd64/lib/libzip.so
7f0c34a06000-7f0c34a0e000 rw-s 00000000 fd:01 25690301                   /tmp/hsperfdata_joao.weege/244708
7f0c34a0e000-7f0c34a10000 r--p 00000000 fd:01 4198748                    /usr/lib/jvm/java-11-openjdk-amd64/lib/libinstrument.so
7f0c34a10000-7f0c34a16000 r-xp 00002000 fd:01 4198748                    /usr/lib/jvm/java-11-openjdk-amd64/lib/libinstrument.so
7f0c34a16000-7f0c34a19000 r--p 00008000 fd:01 4198748                    /usr/lib/jvm/java-11-openjdk-amd64/lib/libinstrument.so
7f0c34a19000-7f0c34a1a000 r--p 0000a000 fd:01 4198748                    /usr/lib/jvm/java-11-openjdk-amd64/lib/libinstrument.so
7f0c34a1a000-7f0c34a1b000 rw-p 0000b000 fd:01 4198748                    /usr/lib/jvm/java-11-openjdk-amd64/lib/libinstrument.so
7f0c34a1b000-7f0c34a1d000 r--p 00000000 fd:01 4198755                    /usr/lib/jvm/java-11-openjdk-amd64/lib/libjdwp.so
7f0c34a1d000-7f0c34a49000 r-xp 00002000 fd:01 4198755                    /usr/lib/jvm/java-11-openjdk-amd64/lib/libjdwp.so
7f0c34a49000-7f0c34a57000 r--p 0002e000 fd:01 4198755                    /usr/lib/jvm/java-11-openjdk-amd64/lib/libjdwp.so
7f0c34a57000-7f0c34a58000 r--p 0003b000 fd:01 4198755                    /usr/lib/jvm/java-11-openjdk-amd64/lib/libjdwp.so
7f0c34a58000-7f0c34a59000 rw-p 0003c000 fd:01 4198755                    /usr/lib/jvm/java-11-openjdk-amd64/lib/libjdwp.so
7f0c34a59000-7f0c34a5b000 r--p 00000000 fd:01 4198756                    /usr/lib/jvm/java-11-openjdk-amd64/lib/libjimage.so
7f0c34a5b000-7f0c34a5e000 r-xp 00002000 fd:01 4198756                    /usr/lib/jvm/java-11-openjdk-amd64/lib/libjimage.so
7f0c34a5e000-7f0c34a5f000 r--p 00005000 fd:01 4198756                    /usr/lib/jvm/java-11-openjdk-amd64/lib/libjimage.so
7f0c34a5f000-7f0c34a60000 ---p 00006000 fd:01 4198756                    /usr/lib/jvm/java-11-openjdk-amd64/lib/libjimage.so
7f0c34a60000-7f0c34a61000 r--p 00006000 fd:01 4198756                    /usr/lib/jvm/java-11-openjdk-amd64/lib/libjimage.so
7f0c34a61000-7f0c34a62000 rw-p 00007000 fd:01 4198756                    /usr/lib/jvm/java-11-openjdk-amd64/lib/libjimage.so
7f0c34a62000-7f0c34a70000 r--p 00000000 fd:01 4198753                    /usr/lib/jvm/java-11-openjdk-amd64/lib/libjava.so
7f0c34a70000-7f0c34a86000 r-xp 0000e000 fd:01 4198753                    /usr/lib/jvm/java-11-openjdk-amd64/lib/libjava.so
7f0c34a86000-7f0c34a8d000 r--p 00024000 fd:01 4198753                    /usr/lib/jvm/java-11-openjdk-amd64/lib/libjava.so
7f0c34a8d000-7f0c34a8e000 r--p 0002a000 fd:01 4198753                    /usr/lib/jvm/java-11-openjdk-amd64/lib/libjava.so
7f0c34a8e000-7f0c34a8f000 rw-p 0002b000 fd:01 4198753                    /usr/lib/jvm/java-11-openjdk-amd64/lib/libjava.so
7f0c34a8f000-7f0c34a90000 rw-p 00000000 00:00 0 
7f0c34a90000-7f0c34a93000 r--p 00000000 fd:01 29100188                   /usr/lib/x86_64-linux-gnu/librt-2.31.so
7f0c34a93000-7f0c34a97000 r-xp 00003000 fd:01 29100188                   /usr/lib/x86_64-linux-gnu/librt-2.31.so
7f0c34a97000-7f0c34a98000 r--p 00007000 fd:01 29100188                   /usr/lib/x86_64-linux-gnu/librt-2.31.so
7f0c34a98000-7f0c34a99000 ---p 00008000 fd:01 29100188                   /usr/lib/x86_64-linux-gnu/librt-2.31.so
7f0c34a99000-7f0c34a9a000 r--p 00008000 fd:01 29100188                   /usr/lib/x86_64-linux-gnu/librt-2.31.so
7f0c34a9a000-7f0c34a9b000 rw-p 00009000 fd:01 29100188                   /usr/lib/x86_64-linux-gnu/librt-2.31.so
7f0c34a9b000-7f0c34a9f000 ---p 00000000 00:00 0 
7f0c34a9f000-7f0c34b9c000 rw-p 00000000 00:00 0 
7f0c34b9c000-7f0c34b9f000 r--p 00000000 fd:01 29101948                   /usr/lib/x86_64-linux-gnu/libgcc_s.so.1
7f0c34b9f000-7f0c34bb1000 r-xp 00003000 fd:01 29101948                   /usr/lib/x86_64-linux-gnu/libgcc_s.so.1
7f0c34bb1000-7f0c34bb5000 r--p 00015000 fd:01 29101948                   /usr/lib/x86_64-linux-gnu/libgcc_s.so.1
7f0c34bb5000-7f0c34bb6000 r--p 00018000 fd:01 29101948                   /usr/lib/x86_64-linux-gnu/libgcc_s.so.1
7f0c34bb6000-7f0c34bb7000 rw-p 00019000 fd:01 29101948                   /usr/lib/x86_64-linux-gnu/libgcc_s.so.1
7f0c34bb7000-7f0c34bc6000 r--p 00000000 fd:01 29100171                   /usr/lib/x86_64-linux-gnu/libm-2.31.so
7f0c34bc6000-7f0c34c6d000 r-xp 0000f000 fd:01 29100171                   /usr/lib/x86_64-linux-gnu/libm-2.31.so
7f0c34c6d000-7f0c34d04000 r--p 000b6000 fd:01 29100171                   /usr/lib/x86_64-linux-gnu/libm-2.31.so
7f0c34d04000-7f0c34d05000 r--p 0014c000 fd:01 29100171                   /usr/lib/x86_64-linux-gnu/libm-2.31.so
7f0c34d05000-7f0c34d06000 rw-p 0014d000 fd:01 29100171                   /usr/lib/x86_64-linux-gnu/libm-2.31.so
7f0c34d06000-7f0c34d9c000 r--p 00000000 fd:01 29101935                   /usr/lib/x86_64-linux-gnu/libstdc++.so.6.0.28
7f0c34d9c000-7f0c34e8d000 r-xp 00096000 fd:01 29101935                   /usr/lib/x86_64-linux-gnu/libstdc++.so.6.0.28
7f0c34e8d000-7f0c34ed6000 r--p 00187000 fd:01 29101935                   /usr/lib/x86_64-linux-gnu/libstdc++.so.6.0.28
7f0c34ed6000-7f0c34ed7000 ---p 001d0000 fd:01 29101935                   /usr/lib/x86_64-linux-gnu/libstdc++.so.6.0.28
7f0c34ed7000-7f0c34ee2000 r--p 001d0000 fd:01 29101935                   /usr/lib/x86_64-linux-gnu/libstdc++.so.6.0.28
7f0c34ee2000-7f0c34ee5000 rw-p 001db000 fd:01 29101935                   /usr/lib/x86_64-linux-gnu/libstdc++.so.6.0.28
7f0c34ee5000-7f0c34ee8000 rw-p 00000000 00:00 0 
7f0c34ee8000-7f0c35162000 r--p 00000000 fd:01 4198777                    /usr/lib/jvm/java-11-openjdk-amd64/lib/server/libjvm.so
7f0c35162000-7f0c35de7000 r-xp 0027a000 fd:01 4198777                    /usr/lib/jvm/java-11-openjdk-amd64/lib/server/libjvm.so
7f0c35de7000-7f0c3603e000 r--p 00eff000 fd:01 4198777                    /usr/lib/jvm/java-11-openjdk-amd64/lib/server/libjvm.so
7f0c3603e000-7f0c360ff000 r--p 01155000 fd:01 4198777                    /usr/lib/jvm/java-11-openjdk-amd64/lib/server/libjvm.so
7f0c360ff000-7f0c3613a000 rw-p 01216000 fd:01 4198777                    /usr/lib/jvm/java-11-openjdk-amd64/lib/server/libjvm.so
7f0c3613a000-7f0c36193000 rw-p 00000000 00:00 0 
7f0c36193000-7f0c3619a000 r--p 00000000 fd:01 29100186                   /usr/lib/x86_64-linux-gnu/libpthread-2.31.so
7f0c3619a000-7f0c361ab000 r-xp 00007000 fd:01 29100186                   /usr/lib/x86_64-linux-gnu/libpthread-2.31.so
7f0c361ab000-7f0c361b0000 r--p 00018000 fd:01 29100186                   /usr/lib/x86_64-linux-gnu/libpthread-2.31.so
7f0c361b0000-7f0c361b1000 r--p 0001c000 fd:01 29100186                   /usr/lib/x86_64-linux-gnu/libpthread-2.31.so
7f0c361b1000-7f0c361b2000 rw-p 0001d000 fd:01 29100186                   /usr/lib/x86_64-linux-gnu/libpthread-2.31.so
7f0c361b2000-7f0c361b6000 rw-p 00000000 00:00 0 
7f0c361b6000-7f0c361b7000 r--p 00000000 fd:01 29100170                   /usr/lib/x86_64-linux-gnu/libdl-2.31.so
7f0c361b7000-7f0c361b9000 r-xp 00001000 fd:01 29100170                   /usr/lib/x86_64-linux-gnu/libdl-2.31.so
7f0c361b9000-7f0c361ba000 r--p 00003000 fd:01 29100170                   /usr/lib/x86_64-linux-gnu/libdl-2.31.so
7f0c361ba000-7f0c361bb000 r--p 00003000 fd:01 29100170                   /usr/lib/x86_64-linux-gnu/libdl-2.31.so
7f0c361bb000-7f0c361bc000 rw-p 00004000 fd:01 29100170                   /usr/lib/x86_64-linux-gnu/libdl-2.31.so
7f0c361bc000-7f0c361be000 r--p 00000000 fd:01 29098178                   /usr/lib/x86_64-linux-gnu/libz.so.1.2.11
7f0c361be000-7f0c361cf000 r-xp 00002000 fd:01 29098178                   /usr/lib/x86_64-linux-gnu/libz.so.1.2.11
7f0c361cf000-7f0c361d5000 r--p 00013000 fd:01 29098178                   /usr/lib/x86_64-linux-gnu/libz.so.1.2.11
7f0c361d5000-7f0c361d6000 ---p 00019000 fd:01 29098178                   /usr/lib/x86_64-linux-gnu/libz.so.1.2.11
7f0c361d6000-7f0c361d7000 r--p 00019000 fd:01 29098178                   /usr/lib/x86_64-linux-gnu/libz.so.1.2.11
7f0c361d7000-7f0c361d8000 rw-p 0001a000 fd:01 29098178                   /usr/lib/x86_64-linux-gnu/libz.so.1.2.11
7f0c361d8000-7f0c361fd000 r--p 00000000 fd:01 29100169                   /usr/lib/x86_64-linux-gnu/libc-2.31.so
7f0c361fd000-7f0c36375000 r-xp 00025000 fd:01 29100169                   /usr/lib/x86_64-linux-gnu/libc-2.31.so
7f0c36375000-7f0c363bf000 r--p 0019d000 fd:01 29100169                   /usr/lib/x86_64-linux-gnu/libc-2.31.so
7f0c363bf000-7f0c363c0000 ---p 001e7000 fd:01 29100169                   /usr/lib/x86_64-linux-gnu/libc-2.31.so
7f0c363c0000-7f0c363c3000 r--p 001e7000 fd:01 29100169                   /usr/lib/x86_64-linux-gnu/libc-2.31.so
7f0c363c3000-7f0c363c6000 rw-p 001ea000 fd:01 29100169                   /usr/lib/x86_64-linux-gnu/libc-2.31.so
7f0c363c6000-7f0c363ca000 rw-p 00000000 00:00 0 
7f0c363ca000-7f0c363cb000 ---p 00000000 00:00 0 
7f0c363cb000-7f0c363cc000 r--p 00000000 00:00 0 
7f0c363cc000-7f0c363d1000 r--p 00000000 fd:01 4198772                    /usr/lib/jvm/java-11-openjdk-amd64/lib/libverify.so
7f0c363d1000-7f0c363d8000 r-xp 00005000 fd:01 4198772                    /usr/lib/jvm/java-11-openjdk-amd64/lib/libverify.so
7f0c363d8000-7f0c363da000 r--p 0000c000 fd:01 4198772                    /usr/lib/jvm/java-11-openjdk-amd64/lib/libverify.so
7f0c363da000-7f0c363db000 ---p 0000e000 fd:01 4198772                    /usr/lib/jvm/java-11-openjdk-amd64/lib/libverify.so
7f0c363db000-7f0c363dd000 r--p 0000e000 fd:01 4198772                    /usr/lib/jvm/java-11-openjdk-amd64/lib/libverify.so
7f0c363dd000-7f0c363de000 rw-p 00010000 fd:01 4198772                    /usr/lib/jvm/java-11-openjdk-amd64/lib/libverify.so
7f0c363de000-7f0c363e1000 r--p 00000000 fd:01 4198738                    /usr/lib/jvm/java-11-openjdk-amd64/lib/jli/libjli.so
7f0c363e1000-7f0c363eb000 r-xp 00003000 fd:01 4198738                    /usr/lib/jvm/java-11-openjdk-amd64/lib/jli/libjli.so
7f0c363eb000-7f0c363ee000 r--p 0000d000 fd:01 4198738                    /usr/lib/jvm/java-11-openjdk-amd64/lib/jli/libjli.so
7f0c363ee000-7f0c363ef000 ---p 00010000 fd:01 4198738                    /usr/lib/jvm/java-11-openjdk-amd64/lib/jli/libjli.so
7f0c363ef000-7f0c363f0000 r--p 00010000 fd:01 4198738                    /usr/lib/jvm/java-11-openjdk-amd64/lib/jli/libjli.so
7f0c363f0000-7f0c363f1000 rw-p 00011000 fd:01 4198738                    /usr/lib/jvm/java-11-openjdk-amd64/lib/jli/libjli.so
7f0c363f1000-7f0c363f3000 rw-p 00000000 00:00 0 
7f0c363f3000-7f0c363f4000 r--p 00000000 fd:01 29100165                   /usr/lib/x86_64-linux-gnu/ld-2.31.so
7f0c363f4000-7f0c36417000 r-xp 00001000 fd:01 29100165                   /usr/lib/x86_64-linux-gnu/ld-2.31.so
7f0c36417000-7f0c3641f000 r--p 00024000 fd:01 29100165                   /usr/lib/x86_64-linux-gnu/ld-2.31.so
7f0c3641f000-7f0c36420000 r--s 00002000 07:11 1526                       /snap/intellij-idea-community/315/plugins/java/lib/rt/debugger-agent-storage.jar
7f0c36420000-7f0c36421000 r--p 0002c000 fd:01 29100165                   /usr/lib/x86_64-linux-gnu/ld-2.31.so
7f0c36421000-7f0c36422000 rw-p 0002d000 fd:01 29100165                   /usr/lib/x86_64-linux-gnu/ld-2.31.so
7f0c36422000-7f0c36423000 rw-p 00000000 00:00 0 
7ffe29ff2000-7ffe2a017000 rw-p 00000000 00:00 0                          [stack]
7ffe2a080000-7ffe2a084000 r--p 00000000 00:00 0                          [vvar]
7ffe2a084000-7ffe2a086000 r-xp 00000000 00:00 0                          [vdso]
ffffffffff600000-ffffffffff601000 --xp 00000000 00:00 0                  [vsyscall]


VM Arguments:
jvm_args: -agentlib:jdwp=transport=dt_socket,address=127.0.0.1:56789,suspend=y,server=n -ea -Dspring.profiles.active=test -Didea.test.cyclic.buffer.size=1048576 -javaagent:/snap/intellij-idea-community/315/plugins/java/lib/rt/debugger-agent.jar -Dfile.encoding=UTF-8 
java_command: com.intellij.rt.junit.JUnitStarter -ideVersion5 -junit5 br.com.veloe.mecanicafinanceira.concilialancamento.core.service.impl.ConciliaLancamentoServiceImplTest,quandoLancamentoComDadosDivergentes_deveLancarLancamentoDadosDivergentesExceptionOrigemMecanicaFinanceira
java_class_path (initial): /snap/intellij-idea-community/315/lib/idea_rt.jar:/home/joao.weege/.m2/repository/org/junit/platform/junit-platform-launcher/1.7.2/junit-platform-launcher-1.7.2.jar:/snap/intellij-idea-community/315/plugins/junit/lib/junit5-rt.jar:/snap/intellij-idea-community/315/plugins/junit/lib/junit-rt.jar:/home/joao.weege/Documentos/workspace/concilia-lancamento/target/test-classes:/home/joao.weege/Documentos/workspace/concilia-lancamento/target/classes:/home/joao.weege/.m2/repository/org/springframework/boot/spring-boot-starter-security/2.5.2/spring-boot-starter-security-2.5.2.jar:/home/joao.weege/.m2/repository/org/springframework/boot/spring-boot-starter/2.5.2/spring-boot-starter-2.5.2.jar:/home/joao.weege/.m2/repository/org/springframework/boot/spring-boot/2.5.2/spring-boot-2.5.2.jar:/home/joao.weege/.m2/repository/org/springframework/boot/spring-boot-starter-logging/2.5.2/spring-boot-starter-logging-2.5.2.jar:/home/joao.weege/.m2/repository/ch/qos/logback/logback-classic/1.2.3/logback-classic-1.2.3.jar:/home/joao.weege/.m2/repository/ch/qos/logback/logback-core/1.2.3/logback-core-1.2.3.jar:/home/joao.weege/.m2/repository/org/apache/logging/log4j/log4j-to-slf4j/2.14.1/log4j-to-slf4j-2.14.1.jar:/home/joao.weege/.m2/repository/org/apache/logging/log4j/log4j-api/2.14.1/log4j-api-2.14.1.jar:/home/joao.weege/.m2/repository/org/slf4j/jul-to-slf4j/1.7.31/jul-to-slf4j-1.7.31.jar:/home/joao.weege/.m2/repository/jakarta/annotation/jakarta.annotation-api/1.3.5/jakarta.annotation-api-1.3.5.jar:/home/joao.weege/.m2/repository/org/yaml/snakeyaml/1.28/snakeyaml-1.28.jar:/home/joao.weege/.m2/repository/org/springframework/spring-aop/5.3.8/spring-aop-5.3.8.jar:/home/joao.weege/.m2/repository/org/springframework/spring-beans/5.3.8/spring-beans-5.3.8.jar:/home/joao.weege/.m2/repository/org/springframework/security/spring-security-config/5.5.1/spring-security-config-5.5.1.jar:/home/joao.weege/.m2/repository/org/springframework/security/spring-security-web/5.5.1/sp
Launcher Type: SUN_STANDARD

[Global flags]
     intx CICompilerCount                          = 4                                         {product} {ergonomic}
     uint ConcGCThreads                            = 2                                         {product} {ergonomic}
     uint G1ConcRefinementThreads                  = 8                                         {product} {ergonomic}
   size_t G1HeapRegionSize                         = 1048576                                   {product} {ergonomic}
    uintx GCDrainStackTargetSize                   = 64                                        {product} {ergonomic}
   size_t InitialHeapSize                          = 260046848                                 {product} {ergonomic}
   size_t MarkStackSize                            = 4194304                                   {product} {ergonomic}
   size_t MaxHeapSize                              = 4135583744                                {product} {ergonomic}
   size_t MaxNewSize                               = 2480930816                                {product} {ergonomic}
   size_t MinHeapDeltaBytes                        = 1048576                                   {product} {ergonomic}
    uintx NonNMethodCodeHeapSize                   = 5836300                                {pd product} {ergonomic}
    uintx NonProfiledCodeHeapSize                  = 122910970                              {pd product} {ergonomic}
    uintx ProfiledCodeHeapSize                     = 122910970                              {pd product} {ergonomic}
    uintx ReservedCodeCacheSize                    = 251658240                              {pd product} {ergonomic}
     bool SegmentedCodeCache                       = true                                      {product} {ergonomic}
     bool UseCompressedClassPointers               = true                                 {lp64_product} {ergonomic}
     bool UseCompressedOops                        = true                                 {lp64_product} {ergonomic}
     bool UseG1GC                                  = true                                      {product} {ergonomic}

Logging:
Log output configuration:
 #0: stdout all=warning uptime,level,tags
 #1: stderr all=off uptime,level,tags

Environment Variables:
PATH=/home/joao.weege/.local/bin:/opt/gradle/latest/bin:/usr/local/sbin:/usr/local/bin:/usr/sbin:/usr/bin:/sbin:/bin:/usr/games:/usr/local/games:/snap/bin" JAVA_HOME="/usr/lib/jvm/java-11-openjdk-amd64 :/snap/bin:/usr/lib/dart/bin
USERNAME=joao.weege
SHELL=/bin/bash
DISPLAY=:0
LANG=pt_BR.UTF-8

Signal Handlers:
SIGSEGV: [libjvm.so+0xe8ba00], sa_mask[0]=11111111011111111101111111111110, sa_flags=SA_RESTART|SA_SIGINFO
SIGBUS: [libjvm.so+0xe8ba00], sa_mask[0]=11111111011111111101111111111110, sa_flags=SA_RESTART|SA_SIGINFO
SIGFPE: [libjvm.so+0xe8ba00], sa_mask[0]=11111111011111111101111111111110, sa_flags=SA_RESTART|SA_SIGINFO
SIGPIPE: [libjvm.so+0xbd10f0], sa_mask[0]=11111111011111111101111111111110, sa_flags=SA_RESTART|SA_SIGINFO
SIGXFSZ: [libjvm.so+0xbd10f0], sa_mask[0]=11111111011111111101111111111110, sa_flags=SA_RESTART|SA_SIGINFO
SIGILL: [libjvm.so+0xe8ba00], sa_mask[0]=11111111011111111101111111111110, sa_flags=SA_RESTART|SA_SIGINFO
SIGUSR2: [libjvm.so+0xbd0f90], sa_mask[0]=00100000000000000000000000000000, sa_flags=SA_RESTART|SA_SIGINFO
SIGHUP: [libjvm.so+0xbd1430], sa_mask[0]=11111111011111111101111111111110, sa_flags=SA_RESTART|SA_SIGINFO
SIGINT: [libjvm.so+0xbd1430], sa_mask[0]=11111111011111111101111111111110, sa_flags=SA_RESTART|SA_SIGINFO
SIGTERM: [libjvm.so+0xbd1430], sa_mask[0]=11111111011111111101111111111110, sa_flags=SA_RESTART|SA_SIGINFO
SIGQUIT: [libjvm.so+0xbd1430], sa_mask[0]=11111111011111111101111111111110, sa_flags=SA_RESTART|SA_SIGINFO


---------------  S Y S T E M  ---------------

OS:DISTRIB_ID=Ubuntu
DISTRIB_RELEASE=20.04
DISTRIB_CODENAME=focal
DISTRIB_DESCRIPTION="Ubuntu 20.04.2 LTS"
uname:Linux 5.8.0-63-generic #71~20.04.1-Ubuntu SMP Thu Jul 15 17:46:08 UTC 2021 x86_64
OS uptime: 2 days 5:22 hours
libc:glibc 2.31 NPTL 2.31 
rlimit (soft/hard): STACK 8192k/infinity , CORE 0k/infinity , NPROC 62704/62704 , NOFILE 1048576/1048576 , AS infinity/infinity , CPU infinity/infinity , DATA infinity/infinity , FSIZE infinity/infinity , MEMLOCK 65536k/65536k
load average:2,00 1,70 1,37

/proc/meminfo:
MemTotal:       16149688 kB
MemFree:          254084 kB
MemAvailable:    4145208 kB
Buffers:          224788 kB
Cached:          4274488 kB
SwapCached:       236320 kB
Active:         11118376 kB
Inactive:        3624576 kB
Active(anon):    8535488 kB
Inactive(anon):  2278956 kB
Active(file):    2582888 kB
Inactive(file):  1345620 kB
Unevictable:      241704 kB
Mlocked:              48 kB
SwapTotal:       9392120 kB
SwapFree:        7367928 kB
Dirty:             18508 kB
Writeback:             0 kB
AnonPages:      10285828 kB
Mapped:          1150072 kB
Shmem:            575728 kB
KReclaimable:     303568 kB
Slab:             644236 kB
SReclaimable:     303568 kB
SUnreclaim:       340668 kB
KernelStack:       38352 kB
PageTables:        76640 kB
NFS_Unstable:          0 kB
Bounce:                0 kB
WritebackTmp:          0 kB
CommitLimit:    17466964 kB
Committed_AS:   29065928 kB
VmallocTotal:   34359738367 kB
VmallocUsed:       64776 kB
VmallocChunk:          0 kB
Percpu:            11808 kB
HardwareCorrupted:     0 kB
AnonHugePages:         0 kB
ShmemHugePages:        0 kB
ShmemPmdMapped:        0 kB
FileHugePages:         0 kB
FilePmdMapped:         0 kB
HugePages_Total:       0
HugePages_Free:        0
HugePages_Rsvd:        0
HugePages_Surp:        0
Hugepagesize:       2048 kB
Hugetlb:               0 kB
DirectMap4k:      783440 kB
DirectMap2M:    15745024 kB
DirectMap1G:           0 kB

/sys/kernel/mm/transparent_hugepage/enabled:
always [madvise] never
/sys/kernel/mm/transparent_hugepage/defrag (defrag/compaction efforts parameter):
always defer defer+madvise [madvise] never

Process Memory:
Virtual Size: 7398108K (peak: 15553604K)
Resident Set Size: 138556K (peak: 138556K) (anon: 107436K, file: 31120K, shmem: 0K)
Swapped out: 0K
C-Heap outstanding allocations: 28125K

/proc/sys/kernel/threads-max (system-wide limit on the number of threads):
125408
/proc/sys/vm/max_map_count (maximum number of memory map areas a process may have):
65530
/proc/sys/kernel/pid_max (system-wide limit on number of process identifiers):
4194304

container (cgroup) information:
container_type: cgroupv1
cpu_cpuset_cpus: 0-7
cpu_memory_nodes: 0
active_processor_count: 8
cpu_quota: -1
cpu_period: 100000
cpu_shares: -1
memory_limit_in_bytes: -1
memory_and_swap_limit_in_bytes: -1
memory_soft_limit_in_bytes: -1
memory_usage_in_bytes: 8202444800
memory_max_usage_in_bytes: 10293895168

Steal ticks since vm start: 0
Steal ticks percentage since vm start:  0,000

CPU:total 8 (initial active 8) (4 cores per cpu, 2 threads per core) family 6 model 142 stepping 12 microcode 0xea, cmov, cx8, fxsr, mmx, sse, sse2, sse3, ssse3, sse4.1, sse4.2, popcnt, avx, avx2, aes, clmul, erms, 3dnowpref, lzcnt, ht, tsc, tscinvbit, bmi1, bmi2, adx, fma
CPU Model and flags from /proc/cpuinfo:
model name	: Intel(R) Core(TM) i7-10510U CPU @ 1.80GHz
flags		: fpu vme de pse tsc msr pae mce cx8 apic sep mtrr pge mca cmov pat pse36 clflush dts acpi mmx fxsr sse sse2 ss ht tm pbe syscall nx pdpe1gb rdtscp lm constant_tsc art arch_perfmon pebs bts rep_good nopl xtopology nonstop_tsc cpuid aperfmperf pni pclmulqdq dtes64 monitor ds_cpl vmx est tm2 ssse3 sdbg fma cx16 xtpr pdcm pcid sse4_1 sse4_2 x2apic movbe popcnt tsc_deadline_timer aes xsave avx f16c rdrand lahf_lm abm 3dnowprefetch cpuid_fault epb invpcid_single ssbd ibrs ibpb stibp ibrs_enhanced tpr_shadow vnmi flexpriority ept vpid ept_ad fsgsbase tsc_adjust bmi1 avx2 smep bmi2 erms invpcid mpx rdseed adx smap clflushopt intel_pt xsaveopt xsavec xgetbv1 xsaves dtherm ida arat pln pts hwp hwp_notify hwp_act_window hwp_epp md_clear flush_l1d arch_capabilities
Online cpus:
0-7
Offline cpus:

BIOS frequency limitation:
<Not Available>
Frequency switch latency (ns):
0
Available cpu frequencies:
<Not Available>
Current governor:
powersave
Core performance/turbo boost:
<Not Available>

Memory: 4k page, physical 16149688k(253832k free), swap 9392120k(7367928k free)

vm_info: OpenJDK 64-Bit Server VM (11.0.11+9-Ubuntu-0ubuntu2.20.04) for linux-amd64 JRE (11.0.11+9-Ubuntu-0ubuntu2.20.04), built on Apr 21 2021 09:15:32 by "unknown" with gcc 9.3.0

END.
